Device : cuda:2
Board  : (3, 8, 8)
Actions: 64
T      : 30  hidden: 64

Generating 750 random games...
  500/750  buffer=29,998  (5.1s)
Done in 7.5s  buffer=40,000 triples

Training on device: cuda:2
MCTS curriculum: 40% → 99% (linear)
MCTS per action: 32 iters, k=5, children=3, c_puct=1.5
Advantage mode: verifier  self-play temp: 1.0 (drops after move 15)
LR schedule: cosine 3.00e-04 → 1.00e-06 over 50,000 steps
Starting at iteration 0/100  prior train time: 0s

iter   1/100  p_loss=0.0004  v_loss=0.8892  lr=3.00e-04  mcts=17/30  buffer=40,000  dt=358.5s  total=5m58s  vs_random W=55% (p0=52% p1=58%) D=3% L=42%  H=1.49 [-0.00,2.60]
  action heatmap (% of moves):
    1.6   1.6   2.3   1.0   1.8   1.7   1.9   1.8
    1.2   1.9   1.5   2.0   1.3   1.2   2.0   1.6
    1.9   2.1   1.7   1.9   1.6   1.3   1.4   1.8
    1.3   1.8   1.5   0.0   0.0   1.5   1.9   1.7
    1.9   2.1   1.7   0.0   0.0   1.3   1.7   1.8
    1.5   1.6   1.7   2.0   1.8   1.8   1.8   1.6
    1.4   1.3   1.2   1.8   2.2   1.2   2.0   1.5
    1.8   1.8   1.9   1.6   2.0   1.5   1.4   1.6
iter   2/100  p_loss=0.0041  v_loss=0.7969  lr=3.00e-04  mcts=14/30  buffer=40,000  dt=298.8s  total=10m57s  vs_random W=53% (p0=46% p1=60%) D=5% L=42%  H=1.45 [-0.00,2.62]
  action heatmap (% of moves):
    1.9   1.4   2.0   1.8   1.4   1.4   2.4   1.6
    1.4   1.5   1.3   2.1   1.3   1.0   1.8   1.6
    1.9   1.5   2.0   1.2   1.8   1.4   1.4   2.2
    1.7   1.1   2.0   0.0   0.0   2.1   1.6   1.4
    2.3   1.7   1.4   0.0   0.0   1.6   1.9   1.9
    1.5   1.7   1.6   2.1   1.5   1.1   1.6   1.4
    1.8   1.5   1.8   2.1   1.7   1.9   2.2   1.3
    2.0   1.8   1.8   1.2   1.9   1.4   2.0   1.6
iter   3/100  p_loss=0.0003  v_loss=0.7602  lr=2.99e-04  mcts=13/30  buffer=40,000  dt=281.9s  total=15m39s  vs_random W=50% (p0=54% p1=46%) D=4% L=46%  H=1.46 [-0.00,2.57]
  action heatmap (% of moves):
    1.6   1.2   2.4   0.9   1.6   1.8   1.6   2.1
    1.5   2.0   1.8   1.2   1.4   1.4   1.6   1.3
    1.8   2.2   1.9   1.9   2.1   1.7   1.2   1.9
    1.8   1.1   1.7   0.0   0.0   1.3   2.0   2.0
    2.2   1.7   1.5   0.0   0.0   1.3   2.1   1.1
    1.4   1.5   1.5   1.3   1.9   1.5   1.9   1.8
    1.7   1.8   1.0   1.7   2.1   1.5   2.3   1.5
    1.9   1.3   2.3   1.5   2.3   1.0   1.3   1.7
iter   4/100  p_loss=0.0004  v_loss=0.7418  lr=2.99e-04  mcts=9/30  buffer=40,000  dt=202.9s  total=19m02s  vs_random W=51% (p0=44% p1=58%) D=4% L=45%  H=1.47 [-0.00,2.59]
  action heatmap (% of moves):
    1.5   1.1   2.5   1.3   1.7   1.7   1.8   1.9
    1.4   1.9   1.8   1.4   1.4   1.0   1.7   1.5
    1.7   2.0   1.9   1.6   2.3   1.5   1.6   2.1
    1.6   1.0   1.7   0.0   0.0   1.3   2.0   1.7
    2.2   1.9   1.6   0.0   0.0   0.9   2.2   1.7
    1.4   1.6   1.7   1.8   2.0   1.5   1.3   1.7
    1.7   1.4   1.4   1.9   2.2   1.4   2.3   1.3
    2.0   1.7   1.7   1.2   2.2   1.3   1.4   2.0
iter   5/100  p_loss=0.0014  v_loss=0.7171  lr=2.98e-04  mcts=12/30  buffer=40,000  dt=263.5s  total=23m25s  vs_random W=63% (p0=60% p1=66%) D=5% L=32%  H=1.49 [-0.00,2.61]
  action heatmap (% of moves):
    2.0   1.5   1.9   1.4   1.4   1.9   1.5   1.9
    1.4   1.8   1.6   1.4   1.9   1.6   1.7   1.8
    2.0   1.6   1.9   2.2   1.6   1.9   1.4   2.0
    1.7   1.7   1.5   0.0   0.0   1.8   1.4   1.6
    1.8   1.7   1.4   0.0   0.0   1.7   1.5   1.6
    1.2   1.9   1.5   1.9   1.5   1.7   1.1   1.9
    1.7   1.9   1.4   1.9   1.7   1.7   2.0   1.4
    1.6   1.6   1.7   1.6   1.7   1.5   1.3   2.3
iter   6/100  p_loss=-0.0024  v_loss=0.6957  lr=2.97e-04  mcts=13/30  buffer=40,000  dt=284.4s  total=28m10s  vs_random W=40% (p0=38% p1=42%) D=5% L=55%  H=1.46 [-0.00,2.58]
  action heatmap (% of moves):
    2.0   1.3   2.3   1.3   2.1   1.6   1.8   1.6
    1.1   2.1   1.2   1.1   1.7   1.3   1.7   1.5
    1.8   2.1   2.0   2.0   2.1   1.6   2.0   1.4
    1.9   1.6   1.5   0.0   0.0   1.2   1.2   1.7
    1.7   2.1   1.3   0.0   0.0   1.4   2.2   1.8
    1.2   1.9   1.2   1.7   2.0   1.4   1.3   1.6
    1.7   1.7   1.4   1.9   1.7   1.6   2.4   1.4
    2.1   1.2   2.1   1.4   2.0   1.1   1.6   1.9
iter   7/100  p_loss=-0.0459  v_loss=0.6671  lr=2.96e-04  mcts=16/30  buffer=40,000  dt=337.6s  total=33m47s  vs_random W=66% (p0=64% p1=68%) D=5% L=29%  H=0.52 [-0.00,2.11]
  action heatmap (% of moves):
    1.7   0.6   3.2   0.2   1.9   2.1   2.7   2.6
    1.3   2.0   0.9   1.5   0.5   0.6   1.4   0.6
    2.8   2.5   2.6   2.2   2.6   2.0   2.7   2.5
    1.4   0.8   1.5   0.0   0.0   0.4   1.0   2.1
    2.4   2.7   0.7   0.0   0.0   0.1   3.1   1.5
    0.4   2.2   0.6   1.9   2.4   0.4   0.5   2.0
    2.4   0.6   1.5   2.5   2.3   0.9   3.1   1.3
    2.7   1.0   2.7   0.9   2.7   0.8   0.9   2.2
iter   8/100  p_loss=-0.2126  v_loss=0.6433  lr=2.95e-04  mcts=15/30  buffer=40,000  dt=321.5s  total=39m09s  vs_random W=61% (p0=54% p1=68%) D=5% L=34%  H=0.65 [-0.00,2.48]
  action heatmap (% of moves):
    1.5   1.0   3.2   0.5   1.8   1.7   2.3   2.5
    1.0   1.9   0.6   1.5   0.7   0.7   1.6   1.0
    3.0   2.2   2.6   2.3   2.6   1.7   2.6   2.3
    1.1   1.0   1.4   0.0   0.0   0.6   1.0   2.3
    2.6   2.3   1.0   0.0   0.0   0.5   3.0   1.4
    0.8   2.2   0.7   1.8   2.4   0.4   1.0   1.6
    2.3   1.2   1.5   2.8   2.2   1.0   3.2   1.4
    2.3   1.1   2.4   1.0   2.2   0.9   1.3   1.9
iter   9/100  p_loss=0.0423  v_loss=0.6161  lr=2.94e-04  mcts=13/30  buffer=40,000  dt=284.2s  total=43m53s  vs_random W=64% (p0=62% p1=66%) D=7% L=29%  H=0.84 [-0.00,2.43]
  action heatmap (% of moves):
    1.9   0.7   3.2   0.7   1.5   1.9   2.3   2.4
    1.3   2.1   0.7   1.1   0.6   0.8   1.5   1.0
    2.9   2.4   2.8   2.0   2.5   1.5   2.8   2.0
    1.2   0.8   1.5   0.0   0.0   0.5   0.6   2.4
    2.5   2.8   1.0   0.0   0.0   0.4   3.1   1.2
    0.7   1.8   0.6   2.2   2.3   0.6   0.9   1.6
    2.1   0.8   1.7   2.7   2.4   0.8   3.0   1.3
    2.7   1.2   2.3   1.1   2.6   1.0   1.1   2.2
iter  10/100  p_loss=-4.9377  v_loss=0.5984  lr=2.93e-04  mcts=14/30  buffer=40,000  dt=304.1s  total=48m57s  vs_random W=67% (p0=62% p1=72%) D=4% L=29%  H=0.32 [-0.00,1.98]
  action heatmap (% of moves):
    1.6   0.8   3.3   0.2   1.7   1.8   2.6   2.6
    1.3   1.7   0.8   1.0   0.8   0.4   1.7   0.7
    2.8   2.7   2.8   2.2   2.6   2.2   2.7   2.3
    1.6   0.7   1.5   0.0   0.0   0.2   0.9   2.2
    2.4   2.5   1.0   0.0   0.0   0.0   3.1   1.5
    0.6   2.2   1.1   2.0   2.4   0.3   1.3   1.7
    2.3   0.9   1.8   2.4   2.2   0.8   3.1   1.4
    2.9   0.5   2.4   0.5   2.7   0.7   0.9   2.0
  ↳ saved iter_0010.pt
iter  11/100  p_loss=-47.8897  v_loss=0.5857  lr=2.91e-04  mcts=13/30  buffer=40,000  dt=285.5s  total=53m43s  vs_random W=66% (p0=70% p1=62%) D=1% L=33%  H=0.47 [-0.00,2.37]
  action heatmap (% of moves):
    1.9   0.5   3.2   0.4   1.4   2.1   2.4   2.5
    1.3   2.2   0.9   1.5   0.6   0.7   1.7   0.7
    2.8   2.4   2.6   2.0   2.6   2.0   2.9   2.2
    1.6   0.8   1.4   0.0   0.0   0.3   0.9   2.4
    2.5   2.5   1.0   0.0   0.0   0.2   3.2   1.1
    0.5   2.3   0.6   2.0   2.6   0.4   0.9   1.9
    2.5   0.6   1.4   2.4   2.4   0.5   3.1   1.3
    2.9   0.6   2.8   0.6   2.5   1.0   0.8   2.1
iter  12/100  p_loss=-107.3929  v_loss=0.5596  lr=2.90e-04  mcts=10/30  buffer=40,000  dt=228.2s  total=57m31s  vs_random W=65% (p0=62% p1=68%) D=3% L=32%  H=0.31 [-0.00,2.25]
  action heatmap (% of moves):
    1.8   0.6   3.2   0.3   1.8   1.8   2.6   2.6
    1.3   1.9   0.5   1.2   0.6   0.6   1.7   0.7
    2.7   2.6   2.8   1.9   2.8   1.9   2.6   2.1
    1.3   0.9   1.5   0.0   0.0   0.3   1.0   2.3
    2.8   2.4   1.0   0.0   0.0   0.2   3.0   1.1
    0.3   2.4   0.6   1.9   2.6   0.6   1.2   2.0
    2.8   0.6   1.5   2.5   2.6   0.8   3.1   1.2
    2.6   0.6   2.7   0.9   2.5   0.5   0.9   2.1
iter  13/100  p_loss=-351.3027  v_loss=0.5377  lr=2.88e-04  mcts=14/30  buffer=40,000  dt=311.6s  total=1h02m42s  vs_random W=63% (p0=60% p1=66%) D=7% L=30%  H=0.73 [-0.00,2.37]
  action heatmap (% of moves):
    1.9   0.9   3.1   0.6   1.9   1.4   2.6   2.3
    1.2   1.9   0.8   1.3   0.9   0.7   1.3   0.6
    2.5   2.6   2.5   2.3   2.3   1.3   2.7   2.2
    1.3   0.9   1.5   0.0   0.0   0.5   1.2   2.1
    2.8   2.9   0.7   0.0   0.0   0.6   3.2   1.1
    0.8   1.7   0.4   2.0   2.5   0.9   0.9   1.6
    2.3   1.0   1.0   2.6   2.4   0.7   3.0   1.7
    2.3   1.3   2.5   1.1   2.3   1.0   1.1   2.0
iter  14/100  p_loss=-703.5089  v_loss=0.5331  lr=2.86e-04  mcts=14/30  buffer=40,000  dt=303.4s  total=1h07m46s  vs_random W=61% (p0=60% p1=62%) D=6% L=33%  H=1.03 [-0.00,2.58]
  action heatmap (% of moves):
    1.6   1.1   2.9   1.2   1.5   1.8   1.8   2.4
    1.4   1.8   1.2   1.1   1.1   1.4   1.8   0.7
    2.1   2.1   2.0   2.1   1.8   1.6   1.9   2.4
    1.6   1.5   2.0   0.0   0.0   1.5   1.1   1.9
    2.1   2.4   1.1   0.0   0.0   1.3   2.4   1.4
    1.2   1.4   1.2   1.6   2.1   1.3   1.0   1.4
    2.2   1.5   1.2   2.1   2.4   1.1   2.7   1.4
    2.3   1.0   2.6   1.0   2.2   1.0   1.2   2.0
iter  15/100  p_loss=-1532.6928  v_loss=0.5135  lr=2.84e-04  mcts=11/30  buffer=40,000  dt=244.2s  total=1h11m50s  vs_random W=70% (p0=74% p1=66%) D=4% L=26%  H=0.97 [-0.00,2.66]
  action heatmap (% of moves):
    1.6   1.3   2.8   1.0   1.4   1.7   2.4   2.7
    1.2   1.9   1.2   1.3   1.1   1.2   1.2   0.6
    2.3   2.2   2.0   2.0   2.2   1.6   2.5   2.4
    1.5   1.2   1.7   0.0   0.0   1.1   0.8   2.1
    2.3   2.2   1.4   0.0   0.0   1.3   2.5   1.1
    1.0   1.5   1.3   1.7   1.8   1.5   1.1   1.9
    1.9   0.9   1.6   2.4   2.3   1.0   2.5   0.9
    2.8   1.1   2.2   0.8   2.4   1.1   1.5   2.1
iter  16/100  p_loss=-5045.7246  v_loss=0.5100  lr=2.82e-04  mcts=11/30  buffer=40,000  dt=250.9s  total=1h16m01s  vs_random W=76% (p0=72% p1=80%) D=1% L=23%  H=0.23 [-0.00,2.49]
  action heatmap (% of moves):
    2.0   0.8   3.2   0.3   1.8   1.3   2.7   2.7
    1.5   1.7   0.7   1.5   0.7   0.8   2.0   0.5
    2.6   2.6   2.8   1.9   2.8   1.9   2.7   2.2
    1.4   1.1   1.4   0.0   0.0   0.4   0.7   2.4
    2.6   2.4   1.0   0.0   0.0   0.2   3.0   1.2
    0.6   2.2   0.8   1.7   2.5   0.8   0.8   2.0
    2.6   0.5   1.6   2.6   2.2   1.0   3.2   1.1
    2.9   0.4   2.6   0.7   2.6   0.7   0.7   2.1
iter  17/100  p_loss=-9182.6969  v_loss=0.4985  lr=2.79e-04  mcts=13/30  buffer=40,000  dt=304.1s  total=1h21m05s  vs_random W=69% (p0=68% p1=70%) D=3% L=28%  H=0.16 [-0.00,2.20]
  action heatmap (% of moves):
    2.0   0.7   3.1   0.5   1.6   1.9   2.7   2.7
    1.1   2.0   1.0   1.0   0.7   0.5   1.5   0.5
    2.9   2.4   2.5   2.1   2.8   2.0   2.8   2.5
    1.7   0.9   1.4   0.0   0.0   0.1   0.5   2.4
    2.7   2.7   1.2   0.0   0.0   0.2   3.3   1.3
    0.3   2.1   0.7   1.9   2.4   0.7   1.0   2.0
    2.5   0.4   1.6   2.6   2.3   0.5   3.3   1.4
    2.8   0.8   2.4   0.8   2.8   0.6   0.5   2.0
iter  18/100  p_loss=-13518.3597  v_loss=0.4873  lr=2.77e-04  mcts=19/30  buffer=40,000  dt=404.4s  total=1h27m49s  vs_random W=72% (p0=68% p1=76%) D=4% L=24%  H=0.22 [-0.00,2.43]
  action heatmap (% of moves):
    2.1   0.7   3.2   0.4   1.7   1.6   2.6   2.5
    1.2   1.6   0.8   1.1   0.8   0.6   1.6   0.4
    2.5   2.7   2.8   2.0   2.7   2.1   2.7   2.4
    1.5   0.8   1.4   0.0   0.0   0.2   0.5   2.6
    2.3   2.7   1.1   0.0   0.0   0.2   2.9   1.5
    0.6   2.4   0.8   1.6   2.6   0.6   1.4   1.7
    2.4   0.8   1.6   2.7   2.2   0.7   3.2   1.4
    2.6   1.0   2.5   1.0   2.4   0.7   0.9   2.2
iter  19/100  p_loss=-34482.9169  v_loss=0.4790  lr=2.74e-04  mcts=11/30  buffer=40,000  dt=255.4s  total=1h32m05s  vs_random W=73% (p0=66% p1=80%) D=3% L=24%  H=0.17 [-0.00,2.35]
  action heatmap (% of moves):
    1.7   1.3   3.3   0.2   1.8   1.6   2.5   2.8
    0.9   1.4   1.1   0.9   0.7   0.4   1.7   0.5
    2.9   2.8   2.5   2.3   2.4   2.3   2.6   2.3
    1.4   0.7   1.7   0.0   0.0   0.2   0.5   2.4
    2.8   2.8   1.0   0.0   0.0   0.2   3.1   1.3
    0.4   2.4   0.7   1.9   2.5   0.5   1.0   2.0
    2.4   0.7   1.9   2.5   2.2   0.9   3.1   1.1
    2.6   0.9   2.3   1.1   2.6   0.6   1.1   2.1
iter  20/100  p_loss=-41498.7468  v_loss=0.4781  lr=2.71e-04  mcts=17/30  buffer=40,000  dt=365.1s  total=1h38m10s  vs_random W=70% (p0=70% p1=70%) D=0% L=30%  H=0.14 [-0.00,2.36]
  action heatmap (% of moves):
    1.8   0.6   3.2   0.4   1.5   1.7   2.7   2.6
    1.8   1.8   1.2   1.1   0.7   0.4   1.8   0.5
    2.3   2.8   2.4   2.5   2.7   1.9   2.5   2.4
    1.8   0.7   0.9   0.0   0.0   0.2   0.5   2.5
    2.6   2.7   1.0   0.0   0.0   0.1   3.1   1.2
    0.3   2.3   0.6   1.9   2.8   0.8   1.3   2.0
    2.6   0.5   1.6   2.6   2.0   0.9   3.1   1.3
    2.7   1.1   2.5   0.8   2.5   0.9   0.8   1.9
  ↳ saved iter_0020.pt
iter  21/100  p_loss=-30615.8283  v_loss=0.4849  lr=2.69e-04  mcts=14/30  buffer=40,000  dt=322.5s  total=1h43m32s  vs_random W=64% (p0=66% p1=62%) D=6% L=30%  H=0.15 [-0.00,2.44]
  action heatmap (% of moves):
    1.9   0.8   3.3   0.4   1.8   1.9   2.3   2.8
    1.4   1.6   0.9   1.2   0.4   0.5   1.8   0.6
    2.8   2.4   2.7   2.2   2.8   1.7   2.8   2.3
    1.8   1.2   1.2   0.0   0.0   0.2   0.7   2.4
    2.4   2.6   1.0   0.0   0.0   0.1   3.0   1.2
    0.4   2.3   0.3   2.1   2.6   0.9   1.2   1.9
    2.6   0.4   1.6   2.5   2.1   1.0   3.0   1.2
    2.8   0.8   2.6   0.8   2.3   1.0   0.9   1.8
iter  22/100  p_loss=-38787.4626  v_loss=0.4934  lr=2.66e-04  mcts=19/30  buffer=40,000  dt=403.0s  total=1h50m15s  vs_random W=75% (p0=74% p1=76%) D=3% L=22%  H=0.32 [-0.00,2.57]
  action heatmap (% of moves):
    2.0   1.0   3.1   0.6   1.8   1.7   2.6   2.9
    1.1   1.7   0.7   1.1   0.7   0.5   1.4   0.6
    2.6   2.7   2.5   2.0   2.6   2.1   2.4   2.5
    1.6   1.2   1.6   0.0   0.0   0.6   0.6   2.3
    2.5   2.3   1.0   0.0   0.0   0.4   2.9   1.5
    0.4   1.9   0.8   2.1   2.4   0.9   1.1   1.9
    2.5   0.5   1.5   2.4   2.3   0.9   3.1   1.1
    2.7   0.8   2.4   1.2   2.5   0.8   1.2   1.7
iter  23/100  p_loss=-84062.6428  v_loss=0.4855  lr=2.63e-04  mcts=16/30  buffer=40,000  dt=347.9s  total=1h56m03s  vs_random W=67% (p0=56% p1=78%) D=5% L=28%  H=0.09 [-0.00,2.39]
  action heatmap (% of moves):
    2.0   0.8   3.2   0.3   1.7   1.3   2.7   2.7
    1.2   1.6   0.6   1.3   0.6   0.4   1.9   0.8
    2.8   2.8   2.6   2.2   2.8   2.2   2.6   2.2
    1.4   1.1   1.5   0.0   0.0   0.2   0.5   2.4
    2.7   2.4   1.1   0.0   0.0   0.1   3.2   1.5
    0.3   2.6   0.8   1.9   2.3   1.0   1.3   1.7
    2.7   0.3   1.7   2.5   1.9   0.7   3.2   1.3
    3.0   0.5   2.2   0.8   2.7   0.5   0.8   2.1
iter  24/100  p_loss=-87577.9508  v_loss=0.4792  lr=2.59e-04  mcts=17/30  buffer=40,000  dt=370.2s  total=2h02m13s  vs_random W=67% (p0=68% p1=66%) D=6% L=27%  H=0.07 [-0.00,2.23]
  action heatmap (% of moves):
    1.8   1.1   3.2   0.2   1.5   1.6   2.6   2.8
    1.1   1.6   1.0   0.9   0.8   0.5   1.7   0.6
    2.9   2.6   2.5   2.1   2.7   2.0   2.7   2.2
    1.2   0.7   1.4   0.0   0.0   0.3   0.6   2.5
    2.7   2.7   1.2   0.0   0.0   0.1   3.0   1.5
    0.3   2.4   1.0   1.8   2.6   0.9   1.3   1.8
    2.5   0.4   1.6   2.6   2.3   0.5   3.1   1.3
    2.7   0.8   2.5   1.0   2.5   0.8   0.9   2.1
iter  25/100  p_loss=-91961.8808  v_loss=0.4850  lr=2.56e-04  mcts=17/30  buffer=40,000  dt=362.6s  total=2h08m16s  vs_random W=67% (p0=60% p1=74%) D=3% L=30%  H=0.13 [-0.00,2.38]
  action heatmap (% of moves):
    1.9   0.9   3.2   0.4   1.7   1.7   2.5   2.8
    1.4   1.7   0.9   1.2   0.6   0.4   1.8   0.4
    2.7   2.6   2.8   2.0   2.7   1.8   2.5   2.1
    1.6   0.8   1.4   0.0   0.0   0.2   0.7   2.6
    2.6   2.9   0.9   0.0   0.0   0.2   3.0   1.2
    0.6   2.0   0.9   1.8   2.5   0.8   1.0   1.9
    2.6   0.6   1.5   2.6   2.4   0.7   3.1   1.2
    2.9   0.6   2.5   0.8   2.5   0.8   0.7   2.2
iter  26/100  p_loss=-116227.9520  v_loss=0.4934  lr=2.53e-04  mcts=17/30  buffer=40,000  dt=367.5s  total=2h14m24s  vs_random W=68% (p0=54% p1=82%) D=3% L=29%  H=0.07 [-0.00,2.26]
  action heatmap (% of moves):
    2.0   0.7   3.3   0.2   1.7   1.8   2.6   2.7
    1.4   1.6   0.8   0.9   0.6   0.3   1.7   0.3
    2.9   2.7   2.5   2.2   2.7   2.2   2.6   2.6
    1.3   0.6   1.4   0.0   0.0   0.0   0.6   2.3
    2.7   2.8   1.2   0.0   0.0   0.2   3.2   1.5
    0.4   2.2   0.6   2.0   2.5   0.8   1.1   2.0
    2.6   0.6   1.6   2.6   2.3   0.6   3.3   1.0
    2.8   0.7   2.6   1.0   2.6   0.7   0.6   2.3
iter  27/100  p_loss=-91512.9611  v_loss=0.4908  lr=2.49e-04  mcts=23/30  buffer=40,000  dt=482.0s  total=2h22m26s  vs_random W=74% (p0=72% p1=76%) D=5% L=21%  H=0.15 [-0.00,2.40]
  action heatmap (% of moves):
    2.0   0.7   3.3   0.4   1.8   1.6   2.7   2.6
    1.5   1.5   0.9   1.3   0.7   0.3   1.9   0.4
    2.7   2.6   2.6   2.2   2.7   2.2   2.3   2.4
    1.9   0.9   1.4   0.0   0.0   0.2   0.5   2.1
    2.5   2.4   0.9   0.0   0.0   0.1   3.1   1.6
    0.4   2.2   0.5   1.8   2.6   0.7   1.1   1.9
    2.5   0.5   1.6   2.4   2.4   0.6   3.1   1.6
    2.9   1.0   2.2   1.1   2.5   0.7   0.8   2.3
iter  28/100  p_loss=-172143.9357  v_loss=0.5008  lr=2.46e-04  mcts=17/30  buffer=40,000  dt=378.6s  total=2h28m44s  vs_random W=67% (p0=68% p1=66%) D=5% L=28%  H=0.13 [-0.00,2.39]
  action heatmap (% of moves):
    2.2   0.9   3.1   0.4   1.7   1.6   2.7   2.5
    1.3   1.7   1.0   1.3   0.6   0.4   1.8   0.6
    2.8   2.6   2.7   2.0   2.6   1.8   2.7   2.4
    1.5   0.8   1.2   0.0   0.0   0.2   0.5   2.2
    2.4   2.4   1.3   0.0   0.0   0.2   3.1   1.5
    0.5   2.2   0.9   2.0   2.4   0.9   1.3   2.0
    2.5   0.6   1.5   2.6   2.5   0.7   3.1   1.0
    2.8   0.7   2.6   1.0   2.4   0.6   1.0   2.1
iter  29/100  p_loss=-179480.4196  v_loss=0.5121  lr=2.42e-04  mcts=19/30  buffer=40,000  dt=399.9s  total=2h35m24s  vs_random W=71% (p0=66% p1=76%) D=6% L=23%  H=0.09 [-0.00,2.43]
  action heatmap (% of moves):
    1.8   0.9   3.1   0.4   2.0   1.3   2.5   2.6
    1.5   1.9   0.7   1.6   0.8   0.4   1.7   0.8
    2.6   2.4   2.6   2.2   2.5   2.1   2.7   2.3
    1.8   0.9   1.4   0.0   0.0   0.0   0.8   2.4
    2.5   2.5   0.8   0.0   0.0   0.3   3.2   1.1
    0.5   2.3   0.7   1.9   2.6   0.7   1.0   1.9
    2.6   0.5   1.4   2.5   2.2   0.7   3.2   1.1
    2.5   0.8   2.5   1.3   2.6   0.6   0.7   2.1
iter  30/100  p_loss=-329681.2817  v_loss=0.5125  lr=2.38e-04  mcts=19/30  buffer=40,000  dt=420.2s  total=2h42m24s  vs_random W=69% (p0=54% p1=84%) D=3% L=28%  H=0.11 [-0.00,2.27]
  action heatmap (% of moves):
    1.8   1.2   3.3   0.4   1.4   1.9   2.9   2.7
    1.3   1.6   0.8   1.1   0.7   0.2   1.7   0.4
    2.8   2.5   2.8   1.7   2.8   1.8   3.0   2.3
    1.6   0.8   1.3   0.0   0.0   0.1   0.5   2.1
    2.6   2.5   1.4   0.0   0.0   0.2   3.1   1.5
    0.3   2.3   0.7   1.7   2.5   0.8   1.2   1.8
    2.7   0.7   1.6   2.7   2.5   1.0   3.1   1.3
    2.7   0.5   2.4   0.8   2.5   0.6   0.9   2.1
  ↳ saved iter_0030.pt
iter  31/100  p_loss=-439489.2707  v_loss=0.5116  lr=2.35e-04  mcts=20/30  buffer=40,000  dt=426.4s  total=2h49m31s  vs_random W=63% (p0=66% p1=60%) D=7% L=30%  H=0.20 [-0.00,2.51]
  action heatmap (% of moves):
    1.8   1.1   3.2   0.4   1.6   1.6   2.7   3.0
    1.3   1.9   0.6   1.3   0.8   0.3   1.4   0.4
    2.6   2.5   2.5   2.1   2.8   1.8   2.5   2.4
    1.9   0.9   1.4   0.0   0.0   0.1   0.5   2.3
    2.4   2.7   0.8   0.0   0.0   0.4   3.0   1.7
    0.7   2.3   0.8   1.8   2.5   0.8   1.0   2.0
    2.4   0.7   1.4   2.7   2.4   0.7   3.3   1.1
    2.6   0.8   2.4   0.8   2.5   0.8   1.2   1.9
iter  32/100  p_loss=-450127.3768  v_loss=0.5260  lr=2.31e-04  mcts=18/30  buffer=40,000  dt=414.1s  total=2h56m25s  vs_random W=68% (p0=64% p1=72%) D=8% L=24%  H=0.07 [-0.00,2.53]
  action heatmap (% of moves):
    2.1   0.8   3.3   0.3   1.5   1.8   2.6   2.6
    0.8   2.0   1.0   1.2   0.5   0.3   1.6   0.5
    2.7   2.7   2.7   2.1   2.8   2.0   2.7   2.7
    1.4   0.9   1.3   0.0   0.0   0.1   0.6   2.1
    2.5   2.6   1.1   0.0   0.0   0.2   3.3   1.5
    0.5   2.5   0.6   1.9   2.5   0.8   1.3   2.1
    2.7   0.6   1.5   2.4   2.3   0.4   3.2   1.0
    2.5   0.8   2.4   0.9   2.6   0.6   0.9   2.3
iter  33/100  p_loss=-265583.9850  v_loss=0.5219  lr=2.27e-04  mcts=17/30  buffer=40,000  dt=390.8s  total=3h02m56s  vs_random W=71% (p0=68% p1=74%) D=4% L=25%  H=0.18 [-0.00,2.38]
  action heatmap (% of moves):
    2.0   0.7   3.3   0.3   1.8   1.9   2.6   2.5
    1.5   1.8   0.8   1.1   0.7   0.4   2.1   0.6
    2.7   2.6   2.8   1.8   2.4   2.1   2.4   2.5
    1.5   0.7   1.4   0.0   0.0   0.2   0.9   2.4
    2.3   2.6   0.9   0.0   0.0   0.4   2.8   1.3
    0.5   2.0   0.8   1.9   2.5   1.0   1.4   1.9
    2.5   0.8   1.5   2.5   2.3   0.4   3.0   1.0
    2.5   1.0   2.5   1.2   2.4   0.5   1.1   2.3
iter  34/100  p_loss=-283908.3485  v_loss=0.5346  lr=2.23e-04  mcts=16/30  buffer=40,000  dt=377.9s  total=3h09m13s  vs_random W=72% (p0=74% p1=70%) D=5% L=23%  H=0.11 [-0.00,2.25]
  action heatmap (% of moves):
    1.8   0.7   3.2   0.3   2.0   1.5   2.6   2.8
    1.5   1.5   0.7   1.3   0.7   0.6   1.5   0.8
    2.7   2.7   2.6   2.2   2.7   1.7   2.8   2.2
    1.5   0.8   1.6   0.0   0.0   0.3   0.5   2.5
    2.5   2.7   0.8   0.0   0.0   0.2   3.0   1.1
    0.5   2.2   0.8   2.2   2.6   0.9   1.2   2.2
    2.2   0.7   1.5   2.6   2.0   0.5   3.3   0.9
    2.9   0.9   2.4   1.1   2.7   0.6   1.0   2.2
iter  35/100  p_loss=-363642.6099  v_loss=0.5229  lr=2.18e-04  mcts=18/30  buffer=40,000  dt=386.4s  total=3h15m40s  vs_random W=65% (p0=64% p1=66%) D=3% L=32%  H=0.16 [-0.00,2.51]
  action heatmap (% of moves):
    1.6   1.1   3.2   0.6   1.8   1.5   2.5   2.6
    1.5   1.3   0.7   1.6   0.9   0.6   1.6   0.5
    2.8   2.3   2.8   1.9   2.7   1.6   2.6   2.6
    1.6   0.9   1.4   0.0   0.0   0.3   0.5   2.2
    2.3   2.6   0.8   0.0   0.0   0.3   2.9   1.3
    0.4   2.1   0.7   1.8   2.7   0.9   1.2   2.1
    2.5   0.6   1.6   2.8   2.5   0.8   3.1   0.9
    2.7   0.7   2.7   0.8   2.4   0.8   1.0   2.2
iter  36/100  p_loss=-620990.0843  v_loss=0.5227  lr=2.14e-04  mcts=24/30  buffer=40,000  dt=489.9s  total=3h23m50s  vs_random W=71% (p0=78% p1=64%) D=4% L=25%  H=0.20 [-0.00,2.43]
  action heatmap (% of moves):
    2.1   0.8   3.2   0.5   1.4   1.5   2.4   2.8
    1.5   1.7   0.8   1.4   1.2   0.5   1.7   0.6
    2.4   2.6   2.6   2.0   2.6   1.9   2.6   2.2
    1.7   0.8   1.4   0.0   0.0   0.4   0.6   2.4
    2.4   2.5   0.8   0.0   0.0   0.3   2.9   1.4
    0.5   2.3   0.8   2.0   2.7   0.9   1.2   1.7
    2.5   0.7   1.5   2.5   2.0   0.7   3.1   1.2
    2.7   0.9   2.3   1.1   2.7   0.6   0.9   2.2
iter  37/100  p_loss=-516373.0626  v_loss=0.5394  lr=2.10e-04  mcts=17/30  buffer=40,000  dt=370.7s  total=3h30m01s  vs_random W=75% (p0=74% p1=76%) D=2% L=23%  H=0.07 [-0.00,2.62]
  action heatmap (% of moves):
    1.8   1.2   3.2   0.2   1.5   1.9   2.5   2.8
    1.4   1.5   0.9   1.2   0.6   0.7   1.2   0.5
    2.6   2.6   2.8   2.1   2.8   2.0   2.7   2.5
    1.6   0.8   1.1   0.0   0.0   0.2   0.5   2.5
    2.5   2.5   1.2   0.0   0.0   0.1   3.1   1.3
    0.4   2.5   0.6   1.9   2.7   0.8   1.2   2.0
    2.6   0.6   1.5   2.5   2.2   0.7   3.0   1.1
    2.6   0.9   2.6   0.9   2.5   0.7   0.8   2.0
iter  38/100  p_loss=-229756.1911  v_loss=0.5454  lr=2.06e-04  mcts=20/30  buffer=40,000  dt=441.6s  total=3h37m22s  vs_random W=69% (p0=68% p1=70%) D=3% L=28%  H=0.14 [-0.00,2.35]
  action heatmap (% of moves):
    1.9   0.9   3.1   0.3   1.6   1.6   2.6   2.5
    1.4   1.4   0.9   1.2   0.6   0.5   1.5   0.5
    2.8   2.6   2.7   2.2   2.4   2.1   2.7   2.3
    1.5   0.9   1.4   0.0   0.0   0.4   0.7   2.4
    2.5   2.6   1.1   0.0   0.0   0.2   3.0   1.3
    0.5   2.1   0.8   1.9   2.7   0.9   1.3   1.9
    2.6   0.5   1.3   2.7   2.4   0.7   3.1   1.0
    2.9   0.9   2.3   1.0   2.5   0.6   1.1   2.1
iter  39/100  p_loss=-465950.8042  v_loss=0.5597  lr=2.01e-04  mcts=15/30  buffer=40,000  dt=344.7s  total=3h43m07s  vs_random W=76% (p0=72% p1=80%) D=4% L=20%  H=0.11 [-0.00,2.28]
  action heatmap (% of moves):
    1.6   1.1   3.2   0.6   1.6   1.5   2.7   3.0
    1.3   1.7   1.0   1.2   0.6   0.5   1.5   0.6
    2.7   2.6   2.5   2.1   2.7   2.1   2.3   2.5
    1.4   0.7   1.6   0.0   0.0   0.2   0.8   2.4
    2.6   2.5   1.3   0.0   0.0   0.1   3.0   1.3
    0.4   1.9   0.7   1.7   2.5   0.7   1.1   1.9
    2.6   0.5   1.2   2.6   2.3   0.8   3.1   1.3
    2.9   0.6   2.6   0.8   2.6   0.7   0.9   1.9
iter  40/100  p_loss=-517619.4056  v_loss=0.5588  lr=1.97e-04  mcts=22/30  buffer=40,000  dt=481.5s  total=3h51m08s  vs_random W=74% (p0=66% p1=82%) D=1% L=25%  H=0.17 [-0.00,2.44]
  action heatmap (% of moves):
    2.0   0.9   3.1   0.3   1.7   1.6   2.6   2.5
    1.4   1.7   0.9   1.0   0.7   0.6   1.4   0.6
    2.6   2.6   2.6   2.0   2.6   1.9   2.7   2.5
    1.7   0.8   1.7   0.0   0.0   0.2   0.6   2.2
    2.1   2.7   0.9   0.0   0.0   0.3   3.0   1.3
    0.6   2.3   0.8   2.1   2.5   0.7   1.2   2.0
    2.1   0.8   1.4   2.7   2.2   0.9   3.1   1.3
    2.6   1.1   2.3   1.0   2.6   0.7   0.9   2.1
  ↳ saved iter_0040.pt
iter  41/100  p_loss=-497927.0868  v_loss=0.5784  lr=1.92e-04  mcts=14/30  buffer=40,000  dt=318.3s  total=3h56m27s  vs_random W=65% (p0=70% p1=60%) D=6% L=29%  H=0.19 [-0.00,2.58]
  action heatmap (% of moves):
    2.0   1.2   3.1   0.4   1.8   1.5   2.6   2.5
    1.4   1.5   1.0   1.1   0.6   0.6   1.6   0.5
    2.7   2.7   2.6   2.0   2.6   1.7   2.4   2.4
    1.5   0.8   1.3   0.0   0.0   0.4   0.7   2.4
    2.9   2.7   0.9   0.0   0.0   0.5   3.0   1.5
    0.4   2.0   0.6   1.9   2.4   1.1   1.0   1.7
    2.5   0.8   1.4   2.5   2.3   0.8   3.3   1.1
    2.9   0.6   2.3   0.9   2.5   0.7   1.0   2.0
iter  42/100  p_loss=-805625.3853  v_loss=0.5673  lr=1.88e-04  mcts=20/30  buffer=40,000  dt=445.5s  total=4h03m52s  vs_random W=73% (p0=70% p1=76%) D=3% L=24%  H=0.23 [-0.00,2.55]
  action heatmap (% of moves):
    2.1   0.8   3.2   0.6   1.8   1.4   2.5   2.6
    1.3   1.5   0.8   1.1   0.8   0.4   1.7   0.5
    2.8   2.7   2.6   1.8   2.6   1.9   2.6   2.6
    1.5   0.8   1.7   0.0   0.0   0.4   0.6   1.9
    2.4   2.7   1.1   0.0   0.0   0.4   3.0   1.6
    0.5   2.0   0.6   2.1   2.5   0.7   1.1   1.6
    2.5   0.6   1.9   2.2   2.3   0.9   3.1   1.4
    2.8   0.8   2.4   0.7   2.5   0.7   1.1   2.1
iter  43/100  p_loss=-1285819.5178  v_loss=0.5610  lr=1.83e-04  mcts=15/30  buffer=40,000  dt=342.5s  total=4h09m35s  vs_random W=68% (p0=64% p1=72%) D=4% L=28%  H=0.14 [-0.00,2.43]
  action heatmap (% of moves):
    1.8   0.8   3.2   0.3   1.6   1.6   2.5   2.4
    1.5   1.7   0.8   1.0   0.8   0.5   1.9   0.7
    2.6   2.8   2.7   2.0   2.9   1.9   2.7   2.2
    1.4   0.7   1.5   0.0   0.0   0.3   0.7   2.6
    2.7   2.6   1.0   0.0   0.0   0.3   2.9   1.3
    0.4   2.5   0.8   1.8   2.7   0.6   1.1   1.7
    2.7   0.4   1.4   2.5   2.2   0.9   3.1   1.3
    2.9   0.6   2.6   0.8   2.7   0.6   1.1   2.1
iter  44/100  p_loss=-1017920.6741  v_loss=0.5564  lr=1.79e-04  mcts=25/30  buffer=40,000  dt=550.3s  total=4h18m45s  vs_random W=67% (p0=62% p1=72%) D=2% L=31%  H=0.39 [-0.00,2.54]
  action heatmap (% of moves):
    1.8   1.0   3.3   0.6   1.7   1.4   2.4   2.5
    1.1   1.8   0.9   1.0   1.1   0.5   1.5   0.9
    2.7   2.4   2.2   2.0   2.5   2.0   2.4   2.1
    1.7   1.0   1.4   0.0   0.0   0.6   0.8   2.3
    2.5   2.4   1.0   0.0   0.0   0.6   2.9   1.4
    0.7   1.9   1.2   1.8   2.4   1.2   1.1   1.6
    2.4   1.0   1.7   2.3   2.0   1.1   3.0   1.5
    2.7   0.8   2.4   0.7   2.5   0.9   1.2   1.7
iter  45/100  p_loss=-902733.1408  v_loss=0.5709  lr=1.74e-04  mcts=22/30  buffer=40,000  dt=489.9s  total=4h26m55s  vs_random W=70% (p0=60% p1=80%) D=4% L=26%  H=0.27 [-0.00,2.55]
  action heatmap (% of moves):
    1.8   1.2   3.1   0.5   1.8   1.3   2.8   2.6
    1.3   1.7   1.1   1.0   0.8   0.5   1.6   0.4
    2.6   2.6   2.5   2.0   2.4   2.1   2.3   2.8
    1.6   0.7   1.8   0.0   0.0   0.5   0.6   1.9
    2.3   2.6   0.9   0.0   0.0   0.6   2.9   1.3
    0.5   1.9   1.0   1.8   2.5   0.9   1.1   2.0
    2.5   0.8   1.4   2.4   2.4   0.9   2.9   1.1
    2.8   0.8   2.6   0.8   2.5   0.8   1.2   2.2
iter  46/100  p_loss=-1556762.7736  v_loss=0.5706  lr=1.69e-04  mcts=24/30  buffer=40,000  dt=525.1s  total=4h35m40s  vs_random W=69% (p0=64% p1=74%) D=6% L=25%  H=0.25 [-0.00,2.49]
  action heatmap (% of moves):
    1.9   1.1   3.1   0.5   1.8   1.3   2.7   2.6
    1.3   1.8   0.7   1.1   0.9   0.4   1.8   0.7
    2.6   2.6   2.4   2.1   2.6   1.9   2.5   2.4
    1.6   0.8   1.4   0.0   0.0   0.4   0.6   2.2
    2.5   2.5   0.8   0.0   0.0   0.4   2.7   1.3
    0.6   2.1   0.8   2.0   2.5   0.8   1.1   2.0
    2.4   0.8   1.7   2.5   2.2   1.0   3.1   1.1
    2.7   0.9   2.2   0.8   2.3   1.0   1.0   2.3
iter  47/100  p_loss=-735053.9772  v_loss=0.5578  lr=1.65e-04  mcts=22/30  buffer=40,000  dt=481.5s  total=4h43m41s  vs_random W=72% (p0=66% p1=78%) D=0% L=28%  H=0.21 [-0.00,2.51]
  action heatmap (% of moves):
    2.2   0.9   3.2   0.6   2.0   1.6   2.7   2.5
    1.6   1.5   0.8   1.2   0.5   0.3   1.6   0.5
    2.3   2.8   2.4   2.4   2.6   1.9   2.8   2.5
    1.7   0.9   1.2   0.0   0.0   0.5   0.6   2.0
    2.5   2.5   0.9   0.0   0.0   0.3   2.9   1.4
    0.6   2.2   0.8   1.9   2.6   0.9   0.9   2.0
    2.4   0.7   1.2   2.5   2.2   0.8   3.2   1.3
    2.7   1.0   2.2   1.0   2.4   0.8   1.0   1.8
iter  48/100  p_loss=-2022728.1184  v_loss=0.5496  lr=1.60e-04  mcts=27/30  buffer=40,000  dt=584.0s  total=4h53m25s  vs_random W=66% (p0=56% p1=76%) D=5% L=29%  H=0.26 [-0.00,2.63]
  action heatmap (% of moves):
    2.1   0.6   3.2   0.5   1.4   1.5   2.8   2.7
    1.5   1.6   0.8   1.3   0.8   0.5   1.7   0.3
    2.5   2.6   2.3   2.0   2.8   1.7   2.6   2.5
    1.6   0.8   1.6   0.0   0.0   0.5   0.8   1.9
    2.3   2.3   0.9   0.0   0.0   0.3   3.2   1.4
    0.8   2.2   0.9   1.9   2.5   0.9   1.0   1.7
    2.5   0.5   1.5   2.6   2.6   0.9   3.0   1.2
    2.8   0.9   2.4   0.6   2.3   1.0   1.1   2.1
iter  49/100  p_loss=-1423179.4487  v_loss=0.5505  lr=1.55e-04  mcts=23/30  buffer=40,000  dt=505.7s  total=5h01m51s  vs_random W=76% (p0=68% p1=84%) D=3% L=21%  H=0.24 [-0.00,2.53]
  action heatmap (% of moves):
    2.1   0.7   3.2   0.5   1.8   1.4   2.6   2.8
    1.3   1.5   1.1   1.2   0.6   0.5   1.5   0.8
    2.6   2.6   2.7   2.0   2.7   1.9   2.5   2.3
    1.5   0.6   1.3   0.0   0.0   0.4   0.9   2.5
    2.7   2.7   0.7   0.0   0.0   0.4   2.8   1.3
    0.4   2.2   0.7   2.0   2.6   0.6   1.0   1.9
    2.2   0.8   1.6   2.5   2.2   0.8   3.2   1.1
    2.9   0.8   2.6   0.9   2.5   0.7   1.0   2.0
iter  50/100  p_loss=-1633810.5446  v_loss=0.5534  lr=1.50e-04  mcts=19/30  buffer=40,000  dt=422.4s  total=5h08m54s  vs_random W=77% (p0=80% p1=74%) D=3% L=20%  H=0.23 [-0.00,2.63]
  action heatmap (% of moves):
    1.9   1.0   3.2   0.6   1.6   1.5   2.5   2.8
    1.3   1.6   0.8   1.0   0.5   0.5   1.7   0.7
    2.4   2.6   2.7   2.2   2.7   2.1   2.5   2.5
    1.6   1.0   1.5   0.0   0.0   0.4   0.7   2.2
    2.6   2.4   1.2   0.0   0.0   0.4   2.9   1.3
    0.6   2.0   0.6   1.7   2.4   0.7   1.0   2.0
    2.7   0.6   1.3   2.5   2.4   1.1   3.2   1.2
    2.8   0.7   2.5   1.0   2.5   0.7   1.1   2.2
  ↳ saved iter_0050.pt
iter  51/100  p_loss=-1128762.7890  v_loss=0.5516  lr=1.46e-04  mcts=24/30  buffer=40,000  dt=523.8s  total=5h17m37s  vs_random W=75% (p0=72% p1=78%) D=7% L=18%  H=0.15 [-0.00,2.49]
  action heatmap (% of moves):
    2.1   0.8   3.1   0.5   1.9   1.8   2.5   2.7
    1.3   1.9   1.2   1.3   0.6   0.5   1.5   0.7
    2.7   2.4   2.5   2.1   2.7   2.0   2.5   2.5
    1.5   0.7   1.5   0.0   0.0   0.2   0.7   2.2
    2.3   2.8   0.9   0.0   0.0   0.3   3.0   1.3
    0.6   2.2   0.8   1.7   2.3   1.0   0.9   1.9
    2.4   0.8   1.7   2.6   2.2   0.7   3.1   1.0
    2.7   1.0   2.4   1.0   2.4   0.9   0.7   2.3
iter  52/100  p_loss=-1961889.7745  v_loss=0.5441  lr=1.41e-04  mcts=20/30  buffer=40,000  dt=443.2s  total=5h25m01s  vs_random W=76% (p0=66% p1=86%) D=5% L=19%  H=0.14 [-0.00,2.53]
  action heatmap (% of moves):
    1.9   0.7   3.3   0.4   1.7   1.5   2.7   2.7
    1.7   2.0   0.9   1.4   0.8   0.4   1.7   0.5
    2.4   2.4   2.7   1.9   2.9   2.0   2.7   2.3
    1.4   0.8   1.3   0.0   0.0   0.2   0.5   2.1
    2.7   2.5   0.9   0.0   0.0   0.2   3.1   1.6
    0.5   2.3   0.7   1.8   2.7   0.7   1.2   1.8
    2.4   0.7   1.4   2.3   2.1   0.4   3.2   1.1
    2.6   0.9   2.5   0.9   2.8   0.9   0.9   2.3
iter  53/100  p_loss=-2399288.0003  v_loss=0.5491  lr=1.36e-04  mcts=25/30  buffer=40,000  dt=545.5s  total=5h34m06s  vs_random W=71% (p0=68% p1=74%) D=4% L=25%  H=0.17 [-0.00,2.46]
  action heatmap (% of moves):
    2.1   0.8   3.2   0.5   1.7   1.6   2.5   2.7
    1.3   1.6   0.9   1.1   0.7   0.4   1.4   0.5
    2.7   2.6   2.7   1.7   2.9   1.8   2.7   2.4
    1.4   0.5   1.5   0.0   0.0   0.4   0.5   2.4
    2.6   2.5   1.0   0.0   0.0   0.4   2.8   1.3
    0.7   2.3   1.0   2.0   2.2   1.0   1.3   2.3
    2.0   0.8   1.4   2.5   2.3   0.7   3.2   1.0
    2.7   1.2   2.4   0.8   2.6   0.7   1.0   2.2
iter  54/100  p_loss=-1675385.1005  v_loss=0.5517  lr=1.32e-04  mcts=25/30  buffer=40,000  dt=543.6s  total=5h43m10s  vs_random W=72% (p0=68% p1=76%) D=3% L=25%  H=0.14 [-0.00,2.24]
  action heatmap (% of moves):
    2.0   0.8   3.3   0.7   1.3   1.6   2.5   2.7
    1.1   1.4   0.8   1.3   0.7   0.4   1.5   0.7
    2.8   2.6   2.7   2.0   2.8   2.0   2.7   2.2
    1.7   0.8   1.3   0.0   0.0   0.4   0.4   2.4
    2.6   2.6   1.2   0.0   0.0   0.3   3.1   1.1
    0.8   2.3   0.9   1.8   2.5   0.8   1.3   1.9
    2.6   0.5   1.5   2.6   2.4   0.8   3.2   0.7
    2.7   0.7   2.3   1.1   2.5   0.8   1.1   2.2
iter  55/100  p_loss=-2138038.7105  v_loss=0.5429  lr=1.27e-04  mcts=25/30  buffer=40,000  dt=551.3s  total=5h52m21s  vs_random W=76% (p0=78% p1=74%) D=2% L=22%  H=0.16 [-0.00,2.62]
  action heatmap (% of moves):
    1.8   1.1   3.1   0.4   1.8   1.5   2.6   2.8
    1.4   1.6   0.8   1.2   0.6   0.6   1.7   0.8
    2.6   2.7   2.6   2.2   2.5   2.0   2.6   2.2
    1.7   0.8   1.4   0.0   0.0   0.4   0.7   2.4
    2.6   2.2   1.3   0.0   0.0   0.2   2.7   1.2
    0.4   2.2   0.9   1.9   2.7   0.9   1.2   2.0
    2.4   0.4   1.8   2.3   2.3   0.8   3.0   0.9
    2.7   1.0   2.6   0.8   2.5   0.5   1.3   2.1
iter  56/100  p_loss=-2916435.4905  v_loss=0.5421  lr=1.22e-04  mcts=20/30  buffer=40,000  dt=445.3s  total=5h59m46s  vs_random W=67% (p0=58% p1=76%) D=4% L=29%  H=0.17 [-0.00,2.43]
  action heatmap (% of moves):
    1.9   1.0   3.2   0.3   1.7   1.6   2.7   2.6
    1.3   1.2   1.0   1.1   0.9   0.4   1.8   0.6
    2.5   3.0   2.4   2.1   2.9   1.8   2.8   2.3
    1.9   0.7   1.4   0.0   0.0   0.2   0.5   2.2
    2.6   2.5   0.9   0.0   0.0   0.3   3.1   1.6
    0.5   2.0   0.9   1.7   2.6   0.5   1.1   1.6
    2.5   0.8   1.5   2.3   2.4   0.9   3.2   1.3
    2.4   1.1   2.3   1.0   2.7   0.5   1.2   1.8
iter  57/100  p_loss=-3070597.8939  v_loss=0.5436  lr=1.18e-04  mcts=22/30  buffer=40,000  dt=479.3s  total=6h07m46s  vs_random W=66% (p0=60% p1=72%) D=5% L=29%  H=0.25 [-0.00,2.51]
  action heatmap (% of moves):
    1.9   1.2   3.2   0.3   2.1   1.6   2.6   2.6
    1.4   1.4   0.8   1.1   0.5   0.4   1.4   0.5
    2.7   2.7   2.5   2.2   2.7   2.2   2.8   2.3
    1.5   0.9   1.5   0.0   0.0   0.5   0.6   2.3
    2.5   2.4   0.9   0.0   0.0   0.3   2.9   1.3
    0.6   1.9   0.9   1.9   2.6   0.8   1.2   2.2
    2.4   0.8   1.6   2.3   1.9   1.1   3.0   1.1
    2.7   1.0   2.4   1.0   2.5   0.4   1.2   1.9
iter  58/100  p_loss=-2802924.9650  v_loss=0.5495  lr=1.13e-04  mcts=26/30  buffer=40,000  dt=569.2s  total=6h17m15s  vs_random W=74% (p0=70% p1=78%) D=3% L=23%  H=0.26 [-0.00,2.48]
  action heatmap (% of moves):
    2.1   0.9   3.0   0.6   1.8   1.8   2.3   2.8
    1.3   1.6   1.1   1.3   0.5   0.8   1.4   0.5
    2.6   2.3   2.4   2.3   2.4   2.0   2.8   2.5
    1.7   1.0   1.6   0.0   0.0   0.4   0.5   2.2
    2.4   2.6   1.2   0.0   0.0   0.2   2.8   1.5
    0.8   1.8   1.0   1.8   2.5   0.9   1.1   1.9
    2.4   0.7   1.2   2.6   2.4   0.9   3.1   1.2
    2.6   1.0   2.4   0.7   2.5   0.8   0.9   2.2
iter  59/100  p_loss=-4203966.7735  v_loss=0.5581  lr=1.09e-04  mcts=21/30  buffer=40,000  dt=462.4s  total=6h24m57s  vs_random W=75% (p0=70% p1=80%) D=0% L=25%  H=0.19 [-0.00,2.50]
  action heatmap (% of moves):
    1.9   0.9   3.2   0.4   1.8   1.6   2.7   2.7
    1.4   1.5   0.9   1.4   0.7   0.5   1.7   0.5
    2.6   2.7   2.6   1.8   2.8   1.8   2.7   2.6
    1.4   0.9   1.3   0.0   0.0   0.3   0.3   2.5
    2.7   2.6   1.4   0.0   0.0   0.2   3.0   1.4
    0.5   1.8   0.8   1.8   2.7   1.1   1.1   1.6
    2.6   0.8   1.6   2.4   2.2   0.9   3.2   0.9
    2.7   0.7   2.5   1.0   2.4   0.7   1.1   2.3
iter  60/100  p_loss=-3049831.9685  v_loss=0.5541  lr=1.04e-04  mcts=23/30  buffer=40,000  dt=503.3s  total=6h33m20s  vs_random W=65% (p0=60% p1=70%) D=2% L=33%  H=0.17 [-0.00,2.43]
  action heatmap (% of moves):
    2.1   0.9   3.3   0.4   1.4   1.9   2.6   2.5
    1.3   1.8   0.7   1.1   0.6   0.5   1.8   0.5
    2.6   2.5   2.5   1.9   2.6   2.0   2.5   2.4
    1.5   0.9   1.4   0.0   0.0   0.3   0.5   2.4
    2.6   2.5   1.3   0.0   0.0   0.3   2.9   1.5
    0.5   2.1   0.8   2.0   2.5   0.9   1.0   1.8
    2.6   0.5   1.8   2.6   2.4   0.9   3.2   1.2
    2.7   1.0   2.4   1.0   2.4   0.8   0.8   2.0
  ↳ saved iter_0060.pt
iter  61/100  p_loss=-4241684.3955  v_loss=0.5532  lr=9.99e-05  mcts=21/30  buffer=40,000  dt=462.2s  total=6h41m03s  vs_random W=66% (p0=64% p1=68%) D=8% L=26%  H=0.16 [-0.00,2.39]
  action heatmap (% of moves):
    1.8   1.0   3.2   0.3   1.6   1.6   2.3   2.7
    1.3   1.9   0.7   1.1   0.9   0.4   1.7   0.7
    2.7   2.5   2.8   2.0   2.8   1.8   2.5   2.4
    1.5   0.8   1.4   0.0   0.0   0.2   0.7   2.2
    2.7   2.7   1.3   0.0   0.0   0.2   2.9   1.4
    0.5   2.2   0.8   1.8   2.6   1.0   1.1   2.0
    2.4   0.7   1.6   2.6   2.1   0.7   3.1   1.0
    2.8   0.9   2.3   0.8   2.5   0.5   0.9   2.2
iter  62/100  p_loss=-6585011.1520  v_loss=0.5573  lr=9.55e-05  mcts=25/30  buffer=40,000  dt=537.7s  total=6h50m00s  vs_random W=73% (p0=68% p1=78%) D=5% L=22%  H=0.14 [-0.00,2.39]
  action heatmap (% of moves):
    1.9   0.9   3.2   0.3   1.5   2.0   2.3   2.9
    1.5   1.9   0.6   1.1   0.7   0.5   1.7   0.5
    2.6   2.9   2.3   2.2   2.8   1.8   2.6   2.4
    1.6   0.6   1.5   0.0   0.0   0.3   0.6   2.2
    2.9   2.6   0.9   0.0   0.0   0.2   3.0   1.4
    0.5   2.2   0.9   1.9   2.5   1.0   1.1   1.8
    2.5   0.5   1.3   2.5   2.3   0.8   3.1   1.3
    2.7   1.0   2.5   0.7   2.3   0.7   0.9   2.2
iter  63/100  p_loss=-6779240.4850  v_loss=0.5606  lr=9.11e-05  mcts=24/30  buffer=40,000  dt=522.5s  total=6h58m43s  vs_random W=76% (p0=76% p1=76%) D=4% L=20%  H=0.17 [-0.00,2.42]
  action heatmap (% of moves):
    2.0   0.8   3.1   0.4   1.8   1.4   2.6   2.6
    1.5   1.6   0.9   1.0   0.7   0.6   1.8   0.4
    2.6   2.5   2.8   2.0   2.6   2.1   2.4   2.3
    1.7   0.9   1.5   0.0   0.0   0.3   0.6   2.5
    2.6   2.7   0.9   0.0   0.0   0.4   2.8   1.4
    0.5   2.1   0.8   1.7   2.4   1.1   1.2   1.9
    2.5   0.6   1.5   2.5   2.5   0.8   3.2   1.2
    2.8   0.6   2.6   0.9   2.4   0.6   1.1   2.1
iter  64/100  p_loss=-6639126.8973  v_loss=0.5684  lr=8.68e-05  mcts=21/30  buffer=40,000  dt=461.6s  total=7h06m24s  vs_random W=61% (p0=60% p1=62%) D=8% L=31%  H=0.16 [-0.00,2.43]
  action heatmap (% of moves):
    1.9   0.8   3.2   0.2   1.9   1.4   2.7   2.7
    1.3   1.7   1.1   1.1   0.7   0.4   1.5   0.2
    2.7   2.6   2.5   2.1   2.7   1.7   2.6   2.6
    1.5   0.9   1.1   0.0   0.0   0.2   0.6   2.2
    2.4   2.3   1.5   0.0   0.0   0.3   3.1   1.6
    0.6   2.3   0.9   1.8   2.5   0.9   1.2   1.9
    2.5   0.6   1.5   2.5   2.4   0.7   3.1   0.8
    2.9   0.7   2.5   0.8   2.6   1.1   1.2   2.0
iter  65/100  p_loss=-7262641.9025  v_loss=0.5783  lr=8.26e-05  mcts=22/30  buffer=40,000  dt=481.7s  total=7h14m26s  vs_random W=71% (p0=70% p1=72%) D=1% L=28%  H=0.19 [-0.00,2.51]
  action heatmap (% of moves):
    2.2   1.1   3.2   0.5   1.8   1.6   2.4   2.7
    1.4   1.6   1.1   0.9   0.5   0.7   1.8   0.7
    2.4   2.5   2.7   1.7   2.8   1.9   2.5   2.4
    1.5   0.9   1.5   0.0   0.0   0.3   0.5   2.3
    2.7   2.3   0.9   0.0   0.0   0.1   2.9   1.2
    0.4   2.2   0.8   2.0   2.8   1.1   1.2   1.8
    2.6   0.6   1.7   2.4   2.2   0.9   3.0   0.9
    2.7   0.9   2.1   0.6   2.6   0.6   1.1   2.1
iter  66/100  p_loss=-7106315.8025  v_loss=0.5814  lr=7.85e-05  mcts=21/30  buffer=40,000  dt=462.2s  total=7h22m08s  vs_random W=64% (p0=64% p1=64%) D=4% L=32%  H=0.15 [-0.00,2.40]
  action heatmap (% of moves):
    2.0   0.6   3.3   0.4   1.9   1.7   2.5   2.5
    1.3   1.9   0.8   1.0   0.8   0.7   1.7   0.4
    2.6   2.7   2.7   1.9   3.1   1.6   2.5   2.4
    1.8   0.8   1.2   0.0   0.0   0.2   0.7   2.5
    2.5   2.4   1.3   0.0   0.0   0.3   3.1   1.2
    0.3   2.1   0.5   1.8   2.5   0.8   1.1   2.0
    2.7   0.8   1.7   2.5   2.4   0.7   3.2   1.2
    2.4   0.7   2.6   0.7   2.6   0.5   1.2   2.0
iter  67/100  p_loss=-3269850.8880  v_loss=0.6045  lr=7.44e-05  mcts=24/30  buffer=40,000  dt=523.8s  total=7h30m52s  vs_random W=69% (p0=70% p1=68%) D=2% L=29%  H=0.13 [-0.00,2.51]
  action heatmap (% of moves):
    1.8   0.9   3.2   0.4   1.7   1.6   2.8   2.5
    1.7   1.3   0.9   1.4   1.0   0.5   1.6   0.7
    2.5   2.7   2.7   2.2   2.6   1.8   2.7   2.2
    1.7   0.7   1.1   0.0   0.0   0.2   0.6   2.4
    2.5   2.5   1.1   0.0   0.0   0.1   2.9   1.2
    0.6   2.3   0.8   2.1   2.4   0.8   1.2   2.1
    2.4   0.5   1.5   2.2   2.2   0.9   3.2   1.1
    2.9   0.7   2.4   0.9   2.7   0.7   1.0   2.2
iter  68/100  p_loss=-7687197.8430  v_loss=0.6128  lr=7.04e-05  mcts=26/30  buffer=40,000  dt=557.4s  total=7h40m10s  vs_random W=70% (p0=66% p1=74%) D=6% L=24%  H=0.11 [-0.00,2.51]
  action heatmap (% of moves):
    2.3   0.6   3.3   0.3   1.6   2.0   2.8   2.6
    1.4   1.6   1.0   1.0   0.4   0.3   1.5   0.4
    3.0   2.3   2.8   2.0   2.6   2.1   2.8   2.6
    1.5   0.8   1.5   0.0   0.0   0.0   0.5   2.4
    2.8   2.7   1.3   0.0   0.0   0.2   3.0   1.3
    0.6   2.0   0.8   1.9   2.5   0.9   1.2   1.8
    2.5   0.4   1.8   2.4   2.0   0.9   3.2   0.9
    2.7   1.1   2.5   0.8   2.5   0.8   1.0   1.9
iter  69/100  p_loss=-2874115.5005  v_loss=0.6129  lr=6.65e-05  mcts=23/30  buffer=40,000  dt=504.1s  total=7h48m34s  vs_random W=69% (p0=70% p1=68%) D=6% L=25%  H=0.11 [-0.00,2.29]
  action heatmap (% of moves):
    2.1   0.7   3.2   0.3   1.8   1.7   2.8   2.7
    1.4   1.6   1.0   1.2   0.5   0.3   1.6   0.5
    2.5   2.6   2.7   1.9   2.8   1.7   2.7   2.4
    1.5   0.7   1.5   0.0   0.0   0.4   1.0   2.3
    2.6   2.5   1.0   0.0   0.0   0.3   2.9   1.2
    0.4   2.4   0.7   2.1   2.7   0.9   1.4   1.8
    2.3   0.5   1.6   2.6   2.3   0.7   3.2   1.1
    2.8   0.7   2.5   0.7   2.6   0.7   1.1   2.1
iter  70/100  p_loss=-7368034.0485  v_loss=0.6150  lr=6.26e-05  mcts=26/30  buffer=40,000  dt=571.1s  total=7h58m05s  vs_random W=68% (p0=66% p1=70%) D=2% L=30%  H=0.13 [-0.00,2.49]
  action heatmap (% of moves):
    1.9   1.0   3.2   0.4   2.1   1.5   2.7   2.7
    1.2   1.8   1.0   1.1   0.6   0.4   1.5   0.6
    2.7   2.7   2.7   2.0   3.0   1.8   2.8   2.1
    1.3   0.8   1.3   0.0   0.0   0.1   0.7   2.4
    2.8   2.1   0.9   0.0   0.0   0.3   3.2   1.4
    0.5   2.2   0.7   2.0   2.5   0.9   1.1   1.7
    2.7   0.4   1.4   2.5   2.5   0.6   3.2   1.1
    2.7   0.9   2.4   1.0   2.6   0.8   0.9   2.1
  ↳ saved iter_0070.pt
iter  71/100  p_loss=-7768796.2840  v_loss=0.6093  lr=5.89e-05  mcts=28/30  buffer=40,000  dt=609.7s  total=8h08m14s  vs_random W=75% (p0=74% p1=76%) D=3% L=22%  H=0.17 [-0.00,2.42]
  action heatmap (% of moves):
    2.0   0.9   3.2   0.6   1.5   1.6   2.7   2.4
    1.0   1.5   1.0   1.0   0.6   0.4   2.0   0.7
    2.8   2.7   2.6   2.1   2.7   1.6   2.6   2.4
    1.3   1.0   1.3   0.0   0.0   0.4   0.4   2.4
    2.7   2.6   1.3   0.0   0.0   0.4   2.9   1.5
    0.4   2.0   0.6   1.8   2.4   1.0   1.4   1.8
    2.4   0.5   1.6   2.6   2.4   0.9   3.1   1.3
    2.8   1.0   2.6   0.7   2.5   0.8   0.8   2.1
iter  72/100  p_loss=-2876453.2780  v_loss=0.6158  lr=5.52e-05  mcts=23/30  buffer=40,000  dt=498.9s  total=8h16m33s  vs_random W=80% (p0=82% p1=78%) D=6% L=14%  H=0.11 [-0.00,2.35]
  action heatmap (% of moves):
    1.9   0.8   3.2   0.4   1.9   1.8   2.6   2.6
    1.1   1.4   0.8   1.6   0.7   0.6   1.6   0.7
    2.7   2.7   2.7   2.1   2.7   2.0   2.4   2.3
    1.6   0.8   1.5   0.0   0.0   0.2   0.6   2.6
    2.5   2.8   1.1   0.0   0.0   0.2   2.9   1.1
    0.6   2.3   0.8   1.9   2.6   0.6   1.3   2.0
    2.4   0.5   1.2   2.6   2.2   0.6   3.2   0.9
    2.9   0.7   2.7   0.6   2.8   0.9   1.0   2.2
iter  73/100  p_loss=-2261149.1210  v_loss=0.6168  lr=5.16e-05  mcts=26/30  buffer=40,000  dt=558.3s  total=8h25m52s  vs_random W=70% (p0=64% p1=76%) D=3% L=27%  H=0.11 [-0.00,2.43]
  action heatmap (% of moves):
    1.6   1.4   3.2   0.3   1.9   1.8   2.6   2.7
    1.6   1.7   0.8   1.1   0.5   0.3   1.3   0.4
    2.6   2.8   2.5   2.2   2.8   2.0   2.7   2.7
    1.6   0.9   1.5   0.0   0.0   0.1   0.3   2.2
    2.2   2.6   0.9   0.0   0.0   0.1   3.2   1.6
    0.6   2.3   0.8   1.9   2.8   0.8   1.3   1.8
    2.3   0.5   1.5   2.1   2.3   1.0   3.0   1.1
    2.7   1.1   2.5   0.9   2.6   0.5   0.9   2.3
iter  74/100  p_loss=-2704101.8740  v_loss=0.6228  lr=4.82e-05  mcts=25/30  buffer=40,000  dt=548.1s  total=8h35m00s  vs_random W=74% (p0=76% p1=72%) D=3% L=23%  H=0.10 [-0.00,2.43]
  action heatmap (% of moves):
    1.8   0.9   3.2   0.4   1.7   1.7   2.6   2.7
    1.5   1.6   0.9   1.4   0.6   0.4   1.7   0.6
    2.8   2.6   2.7   2.1   2.6   1.9   2.6   2.6
    1.3   0.8   1.4   0.0   0.0   0.3   0.5   2.4
    2.5   2.6   1.0   0.0   0.0   0.3   3.1   1.5
    0.5   2.4   0.6   1.9   2.5   0.7   1.3   1.7
    2.2   0.5   1.6   2.6   2.1   0.7   3.1   1.2
    3.0   0.9   2.6   0.9   2.4   0.6   0.9   2.1
iter  75/100  p_loss=-3420000.4245  v_loss=0.6220  lr=4.48e-05  mcts=24/30  buffer=40,000  dt=523.4s  total=8h43m43s  vs_random W=69% (p0=70% p1=68%) D=2% L=29%  H=0.10 [-0.00,2.51]
  action heatmap (% of moves):
    1.6   0.9   3.1   0.3   1.8   1.9   2.5   2.6
    1.5   1.7   0.9   1.2   0.7   0.3   2.0   0.7
    2.7   2.8   2.5   2.2   2.6   1.9   2.4   2.3
    1.7   0.8   1.5   0.0   0.0   0.4   0.4   2.3
    2.5   2.6   0.8   0.0   0.0   0.1   3.1   1.4
    0.3   2.3   0.6   1.9   2.5   1.0   0.8   2.2
    2.6   0.4   1.6   2.6   2.4   0.6   3.1   1.0
    2.7   0.9   2.4   1.1   2.4   0.9   1.0   2.0
iter  76/100  p_loss=-3470213.8895  v_loss=0.6217  lr=4.15e-05  mcts=26/30  buffer=40,000  dt=564.1s  total=8h53m07s  vs_random W=71% (p0=62% p1=80%) D=6% L=23%  H=0.11 [-0.00,2.35]
  action heatmap (% of moves):
    1.9   0.9   3.2   0.4   1.5   1.7   2.6   2.5
    1.3   1.6   0.8   1.2   0.8   0.5   1.5   0.5
    2.7   2.6   2.7   2.1   2.5   2.0   2.6   2.3
    1.5   0.7   1.4   0.0   0.0   0.3   0.7   2.3
    2.7   2.4   1.3   0.0   0.0   0.3   3.2   1.5
    0.5   2.3   0.5   1.9   2.5   0.8   1.2   1.9
    2.3   0.6   1.5   2.6   2.4   0.8   3.1   1.3
    2.5   0.9   2.7   1.0   2.5   0.9   0.7   2.1
iter  77/100  p_loss=-5717895.2570  v_loss=0.6264  lr=3.84e-05  mcts=28/30  buffer=40,000  dt=612.3s  total=9h03m19s  vs_random W=69% (p0=62% p1=76%) D=6% L=25%  H=0.12 [-0.00,2.34]
  action heatmap (% of moves):
    2.1   1.0   3.3   0.2   1.7   1.9   2.4   2.5
    1.1   1.6   0.8   1.3   0.7   0.4   1.6   0.6
    2.7   2.7   2.6   2.1   2.7   2.1   2.4   2.4
    1.7   0.6   1.2   0.0   0.0   0.4   0.7   2.2
    2.8   2.6   1.0   0.0   0.0   0.3   3.0   1.4
    0.4   2.4   0.7   1.8   2.7   0.9   1.3   1.9
    2.2   0.6   1.4   2.4   1.9   1.0   3.1   1.1
    2.6   0.9   2.3   1.1   2.6   0.7   1.0   2.2
iter  78/100  p_loss=-85108.2410  v_loss=0.6246  lr=3.53e-05  mcts=27/30  buffer=40,000  dt=589.6s  total=9h13m09s  vs_random W=67% (p0=64% p1=70%) D=5% L=28%  H=0.10 [-0.00,2.34]
  action heatmap (% of moves):
    1.8   1.1   3.3   0.4   1.6   1.7   2.6   2.5
    1.3   1.5   0.8   1.3   0.7   0.3   1.5   0.6
    2.7   2.6   2.7   2.1   2.8   1.9   2.6   2.4
    1.2   0.8   1.2   0.0   0.0   0.3   0.5   2.3
    2.7   2.9   1.2   0.0   0.0   0.2   3.0   1.5
    0.5   2.0   0.7   1.7   2.6   0.5   1.2   1.9
    2.6   0.6   1.7   2.4   2.4   0.7   3.2   1.3
    2.7   0.8   2.6   0.9   2.7   0.6   0.8   2.2
iter  79/100  p_loss=-4652756.7605  v_loss=0.6383  lr=3.24e-05  mcts=28/30  buffer=40,000  dt=605.9s  total=9h23m15s  vs_random W=62% (p0=64% p1=60%) D=6% L=32%  H=0.13 [-0.00,2.41]
  action heatmap (% of moves):
    1.8   0.9   3.1   0.5   1.8   1.6   2.6   2.6
    1.3   1.9   1.0   0.9   0.5   0.4   1.9   0.6
    2.6   2.7   2.7   2.0   2.9   2.2   2.3   2.6
    1.5   0.6   1.4   0.0   0.0   0.3   0.6   2.5
    2.5   2.7   1.2   0.0   0.0   0.3   2.9   1.3
    0.4   2.3   0.7   1.8   2.6   0.7   1.3   1.6
    2.4   0.6   1.2   2.8   2.1   1.0   3.2   1.1
    2.7   0.7   2.7   0.8   2.4   0.7   0.9   2.2
iter  80/100  p_loss=-4093092.2225  v_loss=0.6500  lr=2.96e-05  mcts=26/30  buffer=40,000  dt=559.8s  total=9h32m35s  vs_random W=73% (p0=70% p1=76%) D=2% L=25%  H=0.12 [-0.00,2.32]
  action heatmap (% of moves):
    2.0   0.8   3.2   0.3   1.7   1.6   2.5   2.6
    1.5   1.7   0.9   1.1   0.8   0.5   1.5   0.9
    2.5   2.7   2.5   2.4   2.5   2.1   2.5   2.3
    1.4   0.8   1.5   0.0   0.0   0.1   0.6   2.2
    2.4   2.5   1.1   0.0   0.0   0.4   2.9   1.4
    0.4   2.3   0.8   1.9   2.6   0.6   1.1   1.9
    2.7   0.6   1.8   2.6   2.2   0.8   3.2   1.5
    2.8   0.5   2.6   0.8   2.4   0.6   1.1   2.1
  ↳ saved iter_0080.pt
iter  81/100  p_loss=-4125782.3640  v_loss=0.6442  lr=2.69e-05  mcts=27/30  buffer=40,000  dt=595.7s  total=9h42m30s  vs_random W=75% (p0=74% p1=76%) D=1% L=24%  H=0.10 [-0.00,2.39]
  action heatmap (% of moves):
    2.2   0.7   3.2   0.4   1.8   1.5   2.6   2.7
    1.6   1.5   0.9   1.5   0.6   0.5   1.5   0.7
    2.5   2.9   2.7   1.9   2.7   1.9   2.6   2.3
    1.7   0.9   1.2   0.0   0.0   0.1   0.8   2.4
    2.7   2.5   0.9   0.0   0.0   0.1   3.0   1.4
    0.3   2.0   0.7   1.9   2.8   1.0   1.1   1.9
    2.7   0.5   1.7   2.3   2.1   0.7   3.2   0.9
    2.8   0.8   2.3   0.8   2.6   0.7   1.0   2.3
iter  82/100  p_loss=-3554999.7390  v_loss=0.6458  lr=2.43e-05  mcts=23/30  buffer=40,000  dt=508.9s  total=9h50m59s  vs_random W=71% (p0=78% p1=64%) D=1% L=28%  H=0.11 [-0.00,2.47]
  action heatmap (% of moves):
    1.8   0.7   3.1   0.5   1.7   1.5   2.9   2.6
    1.4   1.6   1.2   1.6   0.7   0.3   1.4   0.6
    2.6   2.7   2.6   2.1   2.7   2.0   2.7   2.2
    1.4   1.1   1.3   0.0   0.0   0.4   0.5   2.2
    2.5   2.8   1.0   0.0   0.0   0.2   3.0   1.3
    0.4   2.2   0.8   2.0   2.4   0.8   1.2   2.2
    2.5   0.2   1.7   2.5   2.4   0.9   3.2   1.0
    2.5   1.1   2.2   1.1   2.5   0.8   0.8   1.9
iter  83/100  p_loss=-4520143.7710  v_loss=0.6579  lr=2.18e-05  mcts=29/30  buffer=40,000  dt=626.2s  total=10h01m25s  vs_random W=66% (p0=64% p1=68%) D=3% L=31%  H=0.12 [-0.00,2.45]
  action heatmap (% of moves):
    1.6   1.1   3.3   0.4   1.6   1.6   2.7   2.6
    1.4   1.7   1.1   1.0   0.9   0.5   1.5   0.7
    2.7   2.5   2.7   2.2   2.7   2.0   2.6   2.3
    1.5   0.9   1.4   0.0   0.0   0.2   0.6   2.4
    2.4   2.4   1.1   0.0   0.0   0.2   2.8   1.2
    0.5   2.5   0.8   2.1   2.5   0.8   1.4   1.9
    2.1   0.7   1.5   2.5   2.5   0.7   3.1   1.0
    2.7   0.9   2.6   0.7   2.4   0.8   0.8   2.1
iter  84/100  p_loss=-2702071.4555  v_loss=0.6560  lr=1.95e-05  mcts=28/30  buffer=40,000  dt=602.1s  total=10h11m28s  vs_random W=75% (p0=74% p1=76%) D=4% L=21%  H=0.10 [-0.00,2.38]
  action heatmap (% of moves):
    2.2   0.6   3.3   0.3   1.6   1.7   2.5   2.8
    1.5   1.4   0.9   1.4   0.6   0.5   1.7   0.6
    2.7   2.6   2.9   2.0   2.7   2.0   2.6   2.4
    1.6   0.7   1.2   0.0   0.0   0.2   0.3   2.3
    2.6   2.2   1.4   0.0   0.0   0.4   3.1   1.5
    0.3   2.2   0.8   1.9   2.6   1.0   1.1   1.9
    2.7   0.5   1.8   2.4   2.3   0.8   3.0   1.0
    2.9   0.5   2.6   0.8   2.5   0.6   1.0   2.2
iter  85/100  p_loss=-1886957.2515  v_loss=0.6594  lr=1.73e-05  mcts=26/30  buffer=40,000  dt=582.8s  total=10h21m10s  vs_random W=66% (p0=52% p1=80%) D=6% L=28%  H=0.12 [-0.00,2.45]
  action heatmap (% of moves):
    2.0   1.1   3.3   0.5   1.5   1.9   2.6   2.6
    1.3   1.5   1.0   0.9   0.5   0.6   1.5   0.5
    2.6   2.9   2.7   2.1   2.6   2.0   2.5   2.8
    1.7   0.9   1.1   0.0   0.0   0.2   0.6   2.2
    2.4   2.3   1.1   0.0   0.0   0.3   2.8   1.5
    0.5   2.4   0.9   2.0   2.7   0.9   1.5   1.9
    2.3   0.6   1.6   2.4   1.7   1.0   3.1   0.9
    2.9   1.1   2.4   0.5   2.8   0.8   0.7   2.1
iter  86/100  p_loss=-4892769.4060  v_loss=0.6673  lr=1.52e-05  mcts=29/30  buffer=40,000  dt=641.0s  total=10h31m51s  vs_random W=74% (p0=64% p1=84%) D=2% L=24%  H=0.12 [-0.00,2.43]
  action heatmap (% of moves):
    2.1   1.0   3.2   0.3   1.6   1.8   2.7   2.9
    1.2   1.5   1.1   1.2   0.6   0.3   1.5   0.4
    2.5   2.8   2.6   2.3   2.8   2.0   2.7   2.2
    1.7   0.7   1.1   0.0   0.0   0.2   0.7   2.3
    2.5   2.9   1.0   0.0   0.0   0.2   3.0   1.2
    0.5   2.0   0.9   1.9   2.6   0.8   1.3   2.0
    2.4   0.6   1.5   2.6   2.1   0.7   3.1   1.1
    2.8   0.7   2.5   0.8   2.7   0.9   1.2   1.9
iter  87/100  p_loss=-5220612.7650  v_loss=0.6764  lr=1.33e-05  mcts=28/30  buffer=40,000  dt=608.6s  total=10h42m00s  vs_random W=73% (p0=70% p1=76%) D=3% L=24%  H=0.12 [-0.00,2.51]
  action heatmap (% of moves):
    2.0   0.6   3.3   0.3   1.6   1.4   2.7   2.7
    1.5   1.7   0.9   1.4   0.6   0.4   1.5   0.5
    2.7   2.4   2.7   1.8   2.9   1.7   2.8   2.5
    1.9   0.7   1.4   0.0   0.0   0.2   0.5   2.3
    2.6   2.4   1.1   0.0   0.0   0.2   2.9   1.1
    0.4   2.4   0.7   1.8   2.6   1.0   1.3   2.0
    2.4   0.6   1.4   2.5   2.1   0.8   3.1   1.1
    2.9   0.9   2.5   0.8   2.5   0.7   1.0   2.2
iter  88/100  p_loss=-4867006.9545  v_loss=0.6804  lr=1.15e-05  mcts=27/30  buffer=40,000  dt=588.3s  total=10h51m48s  vs_random W=71% (p0=70% p1=72%) D=3% L=26%  H=0.13 [-0.00,2.56]
  action heatmap (% of moves):
    1.9   0.9   3.2   0.3   1.8   1.8   2.8   2.4
    1.4   1.5   1.0   1.1   0.9   0.4   1.6   0.7
    2.5   2.8   2.6   2.3   2.7   2.0   2.5   2.5
    1.7   0.5   1.4   0.0   0.0   0.4   0.5   2.2
    2.6   2.6   0.9   0.0   0.0   0.4   2.9   1.3
    0.3   2.4   0.7   1.9   2.5   0.8   1.1   2.2
    2.6   0.6   1.1   2.6   2.2   0.9   3.1   1.2
    2.5   0.8   2.7   0.6   2.5   1.0   1.1   1.8
iter  89/100  p_loss=-990562.9405  v_loss=0.6801  lr=9.84e-06  mcts=30/30  buffer=40,000  dt=647.4s  total=11h02m36s  vs_random W=73% (p0=74% p1=72%) D=3% L=24%  H=0.12 [-0.00,2.43]
  action heatmap (% of moves):
    1.8   0.8   3.1   0.5   1.8   1.6   2.6   2.7
    1.4   1.8   0.9   1.4   1.0   0.6   1.6   0.5
    2.6   2.6   2.6   2.2   2.7   1.8   2.7   2.2
    1.6   0.8   1.3   0.0   0.0   0.1   0.7   2.1
    2.6   2.5   1.2   0.0   0.0   0.2   3.2   1.3
    0.5   2.2   0.8   1.9   2.4   1.0   0.8   2.2
    2.3   0.6   1.8   2.5   2.1   0.7   3.1   0.9
    2.9   0.8   2.6   0.9   2.6   0.6   0.8   2.1
iter  90/100  p_loss=-5701418.8798  v_loss=0.6765  lr=8.32e-06  mcts=27/30  buffer=40,000  dt=581.7s  total=11h12m17s  vs_random W=69% (p0=62% p1=76%) D=4% L=27%  H=0.14 [-0.00,2.31]
  action heatmap (% of moves):
    1.7   1.2   3.2   0.4   2.1   1.5   2.7   2.8
    1.4   1.4   0.6   1.1   0.4   0.6   1.3   0.4
    2.7   2.6   2.7   2.1   2.7   1.9   2.6   2.6
    1.4   0.6   1.3   0.0   0.0   0.2   0.6   2.4
    2.7   2.8   1.0   0.0   0.0   0.2   2.9   1.3
    0.5   2.4   0.9   1.7   2.7   0.8   1.2   1.9
    2.3   0.5   1.5   2.4   2.4   0.8   3.2   1.0
    2.7   0.8   2.7   1.0   2.5   0.7   1.0   2.0
  ↳ saved iter_0090.pt
iter  91/100  p_loss=1521581.9405  v_loss=0.6797  lr=6.94e-06  mcts=29/30  buffer=40,000  dt=610.6s  total=11h22m28s  vs_random W=69% (p0=66% p1=72%) D=1% L=30%  H=0.12 [-0.00,2.36]
  action heatmap (% of moves):
    1.8   0.8   3.2   0.4   1.9   1.5   2.8   2.7
    1.5   1.9   0.9   1.2   0.6   0.4   1.1   0.5
    2.9   2.5   2.6   1.8   2.8   2.1   2.6   2.3
    1.7   0.8   1.6   0.0   0.0   0.2   0.6   2.3
    2.4   2.5   1.0   0.0   0.0   0.3   2.9   1.3
    0.5   2.2   0.6   1.9   2.4   1.0   1.1   1.8
    2.5   0.5   1.4   2.7   2.6   0.7   3.2   1.3
    2.7   0.7   2.5   1.0   2.6   0.6   0.9   2.2
iter  92/100  p_loss=-2850736.2525  v_loss=0.6808  lr=5.70e-06  mcts=27/30  buffer=40,000  dt=580.9s  total=11h32m09s  vs_random W=70% (p0=78% p1=62%) D=3% L=27%  H=0.10 [-0.00,2.50]
  action heatmap (% of moves):
    2.1   0.7   3.2   0.4   1.9   1.7   2.4   2.7
    1.0   1.8   0.9   1.3   0.5   0.5   1.6   0.9
    2.7   2.7   2.6   2.1   2.6   2.0   2.6   2.2
    1.5   0.9   1.4   0.0   0.0   0.2   0.7   2.2
    2.5   2.7   1.2   0.0   0.0   0.1   3.0   1.6
    0.4   2.1   0.7   2.0   2.5   1.0   1.1   1.5
    2.6   0.4   1.5   2.8   2.0   0.8   3.1   1.1
    2.6   1.0   2.3   1.0   2.7   0.6   1.0   2.5
iter  93/100  p_loss=-3472856.4515  v_loss=0.6942  lr=4.60e-06  mcts=28/30  buffer=40,000  dt=600.1s  total=11h42m09s  vs_random W=68% (p0=66% p1=70%) D=3% L=29%  H=0.12 [-0.00,2.42]
  action heatmap (% of moves):
    2.1   0.9   3.2   0.3   1.5   1.9   2.5   2.6
    1.3   1.7   0.7   1.1   0.9   0.4   2.0   0.6
    2.6   2.6   2.6   2.0   2.8   1.8   2.4   2.3
    1.7   0.8   1.5   0.0   0.0   0.2   0.5   2.5
    2.5   2.4   1.1   0.0   0.0   0.4   3.1   1.4
    0.4   2.4   0.6   1.9   2.7   0.7   0.9   2.0
    2.6   0.4   1.3   2.5   2.4   0.9   3.0   1.0
    2.8   0.8   2.6   1.1   2.3   0.9   0.7   2.3
iter  94/100  p_loss=-2242321.2520  v_loss=0.6974  lr=3.65e-06  mcts=29/30  buffer=40,000  dt=626.0s  total=11h52m35s  vs_random W=67% (p0=68% p1=66%) D=6% L=27%  H=0.11 [-0.00,2.45]
  action heatmap (% of moves):
    1.9   1.0   3.2   0.5   1.7   1.5   2.6   2.9
    1.4   1.5   0.7   1.5   0.5   0.3   1.7   0.5
    2.7   3.0   2.7   2.0   2.5   2.3   2.5   2.4
    1.7   0.6   1.5   0.0   0.0   0.2   0.4   2.4
    2.5   2.3   1.1   0.0   0.0   0.3   3.1   1.4
    0.5   2.3   0.6   1.9   2.6   1.0   1.1   1.6
    2.7   0.4   1.4   2.6   2.3   0.7   3.1   1.2
    2.6   0.8   2.3   0.9   2.6   0.5   1.1   2.1
iter  95/100  p_loss=-812841.7360  v_loss=0.7092  lr=2.84e-06  mcts=30/30  buffer=40,000  dt=647.8s  total=12h03m23s  vs_random W=68% (p0=64% p1=72%) D=5% L=27%  H=0.11 [-0.00,2.38]
  action heatmap (% of moves):
    1.8   0.8   3.1   0.5   1.7   1.6   2.5   2.3
    1.4   1.9   0.8   1.3   0.9   0.4   2.0   0.8
    2.7   2.6   2.6   2.0   2.7   1.7   2.8   2.1
    1.5   0.6   1.5   0.0   0.0   0.1   0.7   2.6
    2.5   2.7   0.9   0.0   0.0   0.2   3.0   1.1
    0.6   2.5   0.7   1.7   2.5   0.8   1.0   2.1
    2.3   0.5   1.7   2.4   2.3   0.6   3.1   0.7
    2.7   1.0   2.7   1.0   2.8   0.7   1.1   2.4
iter  96/100  p_loss=-2123992.2090  v_loss=0.7192  lr=2.18e-06  mcts=29/30  buffer=40,000  dt=620.9s  total=12h13m44s  vs_random W=76% (p0=68% p1=84%) D=1% L=23%  H=0.10 [-0.00,2.31]
  action heatmap (% of moves):
    2.1   0.6   3.3   0.2   1.9   1.6   2.8   2.6
    1.3   1.8   0.9   1.1   0.6   0.5   1.6   0.6
    2.8   2.4   2.7   1.9   2.9   2.2   2.4   2.2
    1.6   0.8   1.5   0.0   0.0   0.3   0.8   2.7
    2.7   2.4   1.1   0.0   0.0   0.3   3.0   1.3
    0.5   2.1   0.6   1.9   2.6   0.9   1.1   1.5
    2.5   0.6   1.4   2.5   2.3   0.9   3.1   1.0
    2.9   0.7   2.4   0.8   2.6   0.5   1.2   2.3
iter  97/100  p_loss=-5892624.0880  v_loss=0.7348  lr=1.66e-06  mcts=30/30  buffer=40,000  dt=643.6s  total=12h24m27s  vs_random W=67% (p0=62% p1=72%) D=3% L=30%  H=0.11 [-0.00,2.44]
  action heatmap (% of moves):
    1.9   0.7   3.2   0.2   1.7   1.7   2.7   2.7
    1.2   1.6   1.0   1.1   0.7   0.4   1.5   0.7
    2.8   2.5   2.6   1.9   2.8   1.7   2.6   2.5
    1.5   0.9   1.5   0.0   0.0   0.1   0.5   2.5
    2.8   2.4   1.1   0.0   0.0   0.2   3.0   1.2
    0.3   2.3   0.7   1.9   2.6   0.8   1.2   2.1
    2.7   0.7   1.5   2.4   2.4   1.0   3.1   1.2
    2.7   0.6   2.6   0.7   2.6   0.7   1.1   2.0
iter  98/100  p_loss=-5264887.1520  v_loss=0.7402  lr=1.30e-06  mcts=30/30  buffer=40,000  dt=648.6s  total=12h35m16s  vs_random W=84% (p0=76% p1=92%) D=1% L=15%  H=0.12 [-0.00,2.41]
  action heatmap (% of moves):
    1.9   1.1   3.2   0.4   1.9   1.6   2.8   2.4
    1.4   1.6   1.1   1.1   0.6   0.3   1.6   0.5
    2.5   2.8   2.6   1.9   2.8   1.7   2.6   2.5
    1.8   0.6   1.7   0.0   0.0   0.4   0.6   2.2
    2.7   2.4   1.1   0.0   0.0   0.4   3.1   1.4
    0.5   2.0   0.6   1.8   2.7   0.6   1.1   2.0
    2.4   0.5   1.7   2.5   2.1   0.4   3.2   1.0
    2.9   0.8   2.5   0.8   2.6   0.8   1.0   2.2
iter  99/100  p_loss=-7023491.2260  v_loss=0.7454  lr=1.07e-06  mcts=30/30  buffer=40,000  dt=655.9s  total=12h46m12s  vs_random W=71% (p0=66% p1=76%) D=2% L=27%  H=0.10 [-0.00,2.38]
  action heatmap (% of moves):
    1.9   1.0   3.1   0.3   1.8   1.6   2.6   2.6
    1.5   1.9   0.8   1.0   0.8   0.4   1.9   0.6
    2.5   2.7   2.6   2.0   2.9   1.7   2.7   2.1
    1.6   0.8   1.5   0.0   0.0   0.4   0.5   2.5
    2.6   2.4   1.2   0.0   0.0   0.1   3.1   1.2
    0.6   2.4   0.5   1.8   2.4   1.0   1.3   2.1
    2.6   0.4   1.6   2.6   2.4   0.6   3.0   1.2
    2.8   1.0   2.4   0.9   2.4   0.7   0.9   2.0
iter 100/100  p_loss=-6054790.0170  v_loss=0.7538  lr=1.00e-06  mcts=30/30  buffer=40,000  dt=646.7s  total=12h56m58s  vs_random W=61% (p0=52% p1=70%) D=4% L=35%  H=0.12 [-0.00,2.53]
  action heatmap (% of moves):
    1.7   1.1   3.2   0.3   1.7   1.8   2.6   2.6
    1.4   1.6   1.2   1.4   0.8   0.5   1.5   0.8
    2.6   2.5   2.6   2.1   2.7   1.8   2.7   2.3
    1.6   0.8   1.4   0.0   0.0   0.2   0.6   2.4
    2.5   2.6   1.2   0.0   0.0   0.4   2.9   1.4
    0.5   2.4   0.8   1.8   2.5   0.6   1.1   1.8
    2.4   0.7   1.4   2.4   2.2   0.6   3.2   1.3
    2.6   0.7   2.6   0.7   2.8   0.8   0.7   2.1
  ↳ saved iter_0100.pt

Total training time: 12h56m58s (46618.9s)
Traceback (most recent call last):
  File "/home/pzs0001/diffRL/DiffusionRL/scripts/train.py", line 64, in <module>
    main()
  File "/home/pzs0001/diffRL/DiffusionRL/scripts/train.py", line 56, in main
    trainer.save()
  File "/home/pzs0001/diffRL/DiffusionRL/src/diffusion/rl/trainer.py", line 543, in save
    torch.onnx.export(
  File "/home/pzs0001/diffRL/DiffusionRL/.venv/lib/python3.12/site-packages/torch/onnx/__init__.py", line 286, in export
    from torch.onnx._internal.exporter import _compat
  File "/home/pzs0001/diffRL/DiffusionRL/.venv/lib/python3.12/site-packages/torch/onnx/_internal/exporter/_compat.py", line 16, in <module>
    from torch.onnx._internal.exporter import (
  File "/home/pzs0001/diffRL/DiffusionRL/.venv/lib/python3.12/site-packages/torch/onnx/_internal/exporter/_core.py", line 19, in <module>
    import onnxscript
ModuleNotFoundError: No module named 'onnxscript'
