Device : cuda:1
Board  : (3, 8, 8)
Actions: 64
T      : 30  hidden: 64

Generating 750 random games...
  500/750  buffer=29,996  (5.0s)
Done in 7.8s  buffer=44,993 triples

Training on device: cuda:1
MCTS curriculum: 0% → 0% (linear)
MCTS per action: 32 iters, k=5, children=3, c_puct=1.8
Advantage mode: none  self-play temp: 1.0 (drops after move 15)
LR schedule: cosine 3.00e-04 → 1.00e-06 over 50,000 steps
Starting at iteration 0/100  prior train time: 0s

Traceback (most recent call last):
  File "/home/pzs0001/diffRL/DiffusionRL/scripts/train.py", line 64, in <module>
    main()
  File "/home/pzs0001/diffRL/DiffusionRL/scripts/train.py", line 55, in main
    trainer.train()
  File "/home/pzs0001/diffRL/DiffusionRL/src/diffusion/rl/trainer.py", line 299, in train
    w, d, l, diag = eval_out
    ^^^^^^^^^^^^^
ValueError: not enough values to unpack (expected 4, got 3)
