Device : cuda:1
Board  : (3, 8, 8)
Actions: 64
T      : 30  hidden: 64

Generating 750 random games...
  500/750  buffer=29,954  (4.8s)
Done in 7.4s  buffer=40,000 triples

Training on device: cuda:1
MCTS curriculum: 0% → 0% (linear)
MCTS per action: 32 iters, k=5, children=3, c_puct=1.5
Advantage mode: verifier  self-play temp: 1.0 (drops after move 15)
LR schedule: cosine 3.00e-04 → 1.00e-06 over 50,000 steps
Starting at iteration 0/100  prior train time: 0s

iter   1/100  p_loss=-0.0078  v_loss=0.9163  lr=3.00e-04  mcts=0/30  buffer=40,000  dt=38.2s  total=38s  vs_random W=49% (p0=40% p1=58%) D=1% L=50%  H=1.26 [-0.00,2.48]
  action heatmap (% of moves):
    1.0   2.3   2.6   1.1   1.1   2.0   1.7   2.0
    1.2   2.5   0.9   1.7   0.8   0.8   2.2   1.1
    1.6   2.7   0.9   2.1   2.3   1.6   1.7   2.4
    1.9   1.1   2.0   0.0   0.0   0.4   3.1   1.9
    1.4   1.8   1.8   0.0   0.0   0.5   1.4   1.3
    2.3   1.4   2.2   1.6   1.1   2.6   1.6   2.3
    1.5   0.8   1.5   1.8   2.9   0.7   2.4   1.3
    1.2   2.1   1.1   1.4   2.5   1.3   1.3   2.0
iter   2/100  p_loss=0.0098  v_loss=0.8434  lr=3.00e-04  mcts=0/30  buffer=40,000  dt=36.5s  total=1m14s  vs_random W=51% (p0=50% p1=52%) D=3% L=46%  H=1.36 [-0.00,2.64]
  action heatmap (% of moves):
    1.7   1.9   2.1   1.6   1.4   1.9   1.7   1.8
    1.3   1.9   1.5   1.6   1.2   1.0   1.9   1.5
    1.6   2.4   0.8   2.0   2.2   1.6   1.6   1.7
    2.2   1.4   2.2   0.0   0.0   1.2   2.5   1.8
    1.5   1.5   1.7   0.0   0.0   0.8   1.5   1.5
    1.9   1.2   2.2   1.5   1.4   2.2   1.5   1.7
    1.9   1.3   1.6   1.9   2.3   1.0   2.0   2.1
    1.7   1.4   1.6   1.3   2.1   1.3   1.6   1.6
iter   3/100  p_loss=-1.0022  v_loss=0.8068  lr=2.99e-04  mcts=0/30  buffer=40,000  dt=36.3s  total=1m50s  vs_random W=53% (p0=40% p1=66%) D=4% L=43%  H=0.52 [-0.00,2.46]
  action heatmap (% of moves):
    1.4   2.3   2.7   1.9   0.9   1.6   1.7   2.1
    0.7   2.5   0.6   2.2   0.4   0.6   2.4   1.5
    2.0   2.6   1.0   2.1   2.0   2.1   1.3   2.3
    3.0   0.6   2.4   0.0   0.0   0.3   2.8   1.9
    0.8   1.1   1.9   0.0   0.0   0.3   0.6   1.9
    2.7   1.5   2.7   1.6   1.1   2.9   1.8   2.7
    0.8   0.5   2.1   1.2   2.9   0.4   2.1   1.2
    1.5   2.7   1.1   1.0   2.5   1.5   1.3   1.6
iter   4/100  p_loss=-126.8931  v_loss=0.7677  lr=2.99e-04  mcts=0/30  buffer=40,000  dt=38.0s  total=2m28s  vs_random W=50% (p0=46% p1=54%) D=2% L=48%  H=0.47 [-0.00,2.35]
  action heatmap (% of moves):
    1.4   2.0   2.7   1.6   1.1   1.6   1.9   2.1
    0.7   2.4   0.4   2.0   0.1   0.4   2.4   1.5
    2.0   2.5   1.2   2.2   2.0   2.5   1.5   2.5
    2.9   0.6   2.4   0.0   0.0   0.6   2.7   2.1
    1.0   1.2   1.6   0.0   0.0   0.3   0.9   1.9
    2.7   1.6   2.8   1.6   1.0   3.0   1.7   2.7
    0.7   0.6   1.9   1.2   2.9   0.3   2.2   1.1
    1.7   2.1   1.8   0.8   2.4   1.3   1.0   2.1
iter   5/100  p_loss=-225.2466  v_loss=0.7391  lr=2.98e-04  mcts=0/30  buffer=40,000  dt=38.5s  total=3m07s  vs_random W=49% (p0=50% p1=48%) D=9% L=42%  H=1.49 [-0.00,2.67]
  action heatmap (% of moves):
    1.8   1.6   1.7   1.8   1.7   1.9   1.7   1.9
    1.6   1.6   1.5   1.8   1.6   1.4   1.9   1.2
    1.4   2.1   1.6   1.5   1.9   1.5   1.3   2.1
    1.9   1.6   1.8   0.0   0.0   1.7   1.8   1.9
    1.7   1.7   1.5   0.0   0.0   1.2   1.6   1.3
    1.5   1.5   1.9   1.6   1.4   2.1   1.7   1.7
    1.5   1.8   1.3   2.0   2.1   1.5   1.7   1.5
    2.0   1.5   1.9   1.4   1.7   1.6   1.5   1.9
iter   6/100  p_loss=-189.8792  v_loss=0.7038  lr=2.97e-04  mcts=0/30  buffer=40,000  dt=37.4s  total=3m44s  vs_random W=50% (p0=52% p1=48%) D=3% L=47%  H=1.33 [-0.00,2.55]
  action heatmap (% of moves):
    1.9   1.5   2.1   1.6   1.7   1.6   1.9   1.9
    1.2   1.8   1.5   1.7   1.5   1.5   1.6   1.4
    1.6   1.9   1.3   2.1   2.0   1.8   1.5   2.2
    2.2   1.5   2.1   0.0   0.0   1.6   2.0   1.8
    0.9   1.3   1.6   0.0   0.0   0.9   1.2   1.3
    2.6   1.5   1.8   1.8   1.4   2.1   1.7   2.0
    1.2   1.5   1.7   1.4   2.1   1.2   2.2   1.2
    1.7   1.7   1.7   1.2   2.2   1.9   1.4   1.6
iter   7/100  p_loss=-2315.0744  v_loss=0.6692  lr=2.96e-04  mcts=0/30  buffer=40,000  dt=37.7s  total=4m22s  vs_random W=48% (p0=40% p1=56%) D=3% L=49%  H=0.40 [-0.00,2.34]
  action heatmap (% of moves):
    1.4   2.2   2.7   1.8   0.9   1.2   2.0   2.2
    0.6   2.4   0.7   2.0   0.4   0.4   1.9   1.4
    2.2   2.6   1.1   2.1   2.2   2.4   1.6   2.4
    2.7   0.6   2.4   0.0   0.0   0.2   2.8   2.1
    1.1   0.9   1.7   0.0   0.0   0.5   0.6   1.7
    2.7   1.8   2.5   1.5   1.2   2.8   1.4   2.8
    0.8   0.6   1.9   0.9   3.0   0.4   2.5   1.1
    1.5   2.3   2.3   0.8   2.5   1.4   1.3   1.7
iter   8/100  p_loss=-5077.5531  v_loss=0.6347  lr=2.95e-04  mcts=0/30  buffer=40,000  dt=36.5s  total=4m58s  vs_random W=53% (p0=54% p1=52%) D=2% L=45%  H=1.08 [-0.00,2.55]
  action heatmap (% of moves):
    1.6   1.7   2.1   1.9   1.6   1.5   1.8   2.1
    1.6   2.3   1.2   1.5   1.0   1.3   1.9   1.5
    1.1   2.0   1.3   1.6   2.1   1.8   1.2   1.9
    2.6   1.3   2.3   0.0   0.0   1.5   2.6   1.9
    1.1   1.6   1.6   0.0   0.0   1.1   1.4   1.3
    2.2   1.0   2.6   1.5   1.3   2.0   1.7   2.0
    1.3   1.4   1.6   1.5   2.5   0.9   2.4   1.1
    1.8   1.6   1.7   1.0   2.2   1.5   1.3   1.7
iter   9/100  p_loss=-4646.6957  v_loss=0.6201  lr=2.94e-04  mcts=0/30  buffer=40,000  dt=37.3s  total=5m36s  vs_random W=51% (p0=52% p1=50%) D=4% L=45%  H=0.59 [-0.00,2.70]
  action heatmap (% of moves):
    1.4   2.0   2.3   2.0   1.3   1.5   1.6   2.5
    1.0   2.2   1.1   1.7   0.7   0.8   2.0   0.9
    1.3   2.8   1.0   2.1   2.1   2.1   1.3   2.2
    2.9   0.9   2.4   0.0   0.0   0.6   2.8   2.1
    0.9   1.1   1.7   0.0   0.0   0.5   1.1   1.5
    2.6   1.6   2.6   1.6   0.9   2.9   1.5   2.5
    1.0   1.0   1.3   1.2   3.0   0.6   2.4   1.4
    1.9   1.9   2.1   1.0   2.2   1.1   1.6   1.5
iter  10/100  p_loss=-135.7318  v_loss=0.5901  lr=2.93e-04  mcts=0/30  buffer=40,000  dt=37.3s  total=6m13s  vs_random W=44% (p0=36% p1=52%) D=4% L=52%  H=1.11 [-0.00,2.58]
  action heatmap (% of moves):
    1.4   2.0   2.1   1.8   1.8   1.4   1.9   2.0
    1.5   2.4   1.3   1.7   1.5   0.8   1.8   1.2
    1.3   2.4   1.0   1.7   1.9   1.8   1.6   1.9
    2.6   1.3   2.2   0.0   0.0   1.4   2.2   2.1
    1.2   1.3   1.5   0.0   0.0   1.1   1.5   1.3
    2.4   1.5   2.6   1.5   1.2   2.1   1.6   2.0
    1.3   1.2   1.5   1.5   2.2   1.3   2.1   1.3
    1.8   1.5   1.7   1.2   2.5   1.4   1.4   1.8
  ↳ saved iter_0010.pt
iter  11/100  p_loss=-3399.1974  v_loss=0.5682  lr=2.91e-04  mcts=0/30  buffer=40,000  dt=37.9s  total=6m51s  vs_random W=53% (p0=58% p1=48%) D=6% L=41%  H=0.73 [-0.00,2.47]
  action heatmap (% of moves):
    1.6   2.1   2.4   1.8   1.4   1.4   1.7   2.3
    0.8   2.5   0.7   1.7   1.1   1.0   2.0   1.3
    1.7   2.3   1.4   1.8   1.9   2.0   1.3   2.2
    2.9   1.0   2.2   0.0   0.0   1.1   2.5   2.2
    0.9   1.3   2.0   0.0   0.0   0.9   1.3   1.3
    2.6   1.6   2.2   1.5   0.8   2.3   1.6   2.4
    0.8   0.7   1.5   1.6   2.6   0.9   2.5   1.3
    2.3   1.7   2.1   1.0   2.2   1.2   1.1   1.9
iter  12/100  p_loss=-8455.6389  v_loss=0.5542  lr=2.90e-04  mcts=0/30  buffer=40,000  dt=37.2s  total=7m28s  vs_random W=57% (p0=52% p1=62%) D=3% L=40%  H=0.57 [-0.00,2.61]
  action heatmap (% of moves):
    1.5   2.0   2.6   1.8   1.1   1.5   2.0   2.3
    0.9   2.3   0.7   1.7   1.0   0.6   2.2   1.2
    1.5   2.6   1.2   2.0   2.0   2.1   1.5   2.3
    2.8   1.0   2.5   0.0   0.0   0.8   2.7   2.1
    1.2   0.9   1.4   0.0   0.0   0.5   1.0   1.9
    2.5   1.5   2.7   1.3   1.3   2.5   1.7   2.3
    0.5   0.4   1.6   1.3   2.6   0.8   2.0   1.5
    2.2   1.7   2.2   1.1   2.5   1.1   1.1   1.9
iter  13/100  p_loss=-19437.4572  v_loss=0.5432  lr=2.88e-04  mcts=0/30  buffer=40,000  dt=38.3s  total=8m06s  vs_random W=54% (p0=54% p1=54%) D=6% L=40%  H=0.21 [-0.00,2.50]
  action heatmap (% of moves):
    1.6   2.4   2.7   1.7   0.8   1.6   1.9   2.2
    0.5   2.5   0.6   2.0   0.4   0.4   2.3   1.2
    2.0   2.5   1.2   2.1   2.2   2.2   1.4   2.3
    3.0   0.5   2.6   0.0   0.0   0.3   2.7   2.0
    1.0   0.8   1.5   0.0   0.0   0.2   1.1   1.7
    3.1   1.6   2.8   1.8   1.1   3.0   1.7   2.6
    0.5   0.4   2.0   0.6   2.7   0.2   2.1   1.5
    1.4   2.3   2.4   0.9   2.5   1.1   1.1   2.0
iter  14/100  p_loss=-25431.5253  v_loss=0.5187  lr=2.86e-04  mcts=0/30  buffer=40,000  dt=37.8s  total=8m44s  vs_random W=62% (p0=58% p1=66%) D=8% L=30%  H=0.29 [-0.00,2.42]
  action heatmap (% of moves):
    1.4   2.1   2.8   1.7   1.1   1.2   1.8   2.4
    0.7   2.3   0.7   1.9   0.4   0.4   2.0   1.7
    2.0   2.7   0.9   2.1   2.0   2.4   1.4   2.2
    3.0   0.5   2.6   0.0   0.0   0.3   2.8   2.1
    0.9   1.3   1.3   0.0   0.0   0.2   1.2   1.5
    2.9   1.6   2.7   1.5   1.5   2.9   1.9   2.3
    0.5   0.2   2.1   0.9   3.0   0.3   1.9   1.7
    2.0   1.6   2.8   0.7   2.1   1.1   1.4   2.0
iter  15/100  p_loss=-69305.3835  v_loss=0.5117  lr=2.84e-04  mcts=0/30  buffer=40,000  dt=38.1s  total=9m22s  vs_random W=55% (p0=46% p1=64%) D=10% L=35%  H=0.20 [-0.00,2.48]
  action heatmap (% of moves):
    1.6   2.1   2.8   1.7   0.9   1.4   1.9   2.3
    0.5   2.5   0.6   2.0   0.3   0.3   2.1   1.5
    1.9   2.8   1.0   2.1   2.1   2.2   1.6   2.4
    3.0   0.5   2.6   0.0   0.0   0.2   2.9   2.0
    0.6   0.9   1.6   0.0   0.0   0.2   1.0   1.8
    2.8   1.9   2.7   1.5   1.4   2.9   1.6   2.4
    0.5   0.3   1.8   0.9   3.0   0.2   2.3   1.6
    2.1   2.0   2.3   1.3   2.3   1.3   1.1   1.9
iter  16/100  p_loss=-113298.4404  v_loss=0.4937  lr=2.82e-04  mcts=0/30  buffer=40,000  dt=38.2s  total=10m01s  vs_random W=54% (p0=46% p1=62%) D=5% L=41%  H=0.14 [-0.00,2.37]
  action heatmap (% of moves):
    1.5   2.2   2.5   1.9   0.8   0.9   2.2   2.2
    0.5   2.5   0.8   1.8   0.3   0.5   2.2   1.5
    2.3   2.7   1.1   2.0   2.2   2.5   1.8   2.3
    3.0   0.7   2.4   0.0   0.0   0.2   3.1   2.0
    0.8   0.8   1.4   0.0   0.0   0.3   0.8   1.8
    2.8   1.8   2.7   1.6   1.3   2.7   1.7   2.5
    0.4   0.2   2.4   0.8   2.9   0.3   2.4   1.9
    1.6   2.0   2.5   0.9   2.4   1.0   1.2   1.6
iter  17/100  p_loss=-77106.4453  v_loss=0.4880  lr=2.79e-04  mcts=0/30  buffer=40,000  dt=38.3s  total=10m39s  vs_random W=62% (p0=64% p1=60%) D=1% L=37%  H=0.10 [-0.00,2.44]
  action heatmap (% of moves):
    1.7   2.0   2.5   2.0   0.7   1.2   1.9   2.5
    0.5   2.5   0.7   2.0   0.3   0.4   2.1   1.6
    2.1   2.5   0.9   2.2   2.0   2.4   1.5   2.3
    2.9   0.4   2.6   0.0   0.0   0.1   2.8   1.9
    1.0   1.1   1.6   0.0   0.0   0.2   0.9   2.0
    2.8   1.7   2.6   1.7   1.5   3.0   1.7   2.7
    0.4   0.2   2.2   0.9   2.8   0.3   2.4   1.4
    1.9   2.0   2.5   0.5   2.7   1.0   1.4   2.3
iter  18/100  p_loss=-97634.6365  v_loss=0.4745  lr=2.77e-04  mcts=0/30  buffer=40,000  dt=37.5s  total=11m16s  vs_random W=54% (p0=42% p1=66%) D=2% L=44%  H=0.10 [-0.00,2.18]
  action heatmap (% of moves):
    1.4   2.1   2.8   1.7   0.8   1.2   2.0   2.3
    0.5   2.7   0.8   2.0   0.3   0.5   2.3   1.6
    2.1   2.9   1.1   2.0   2.1   2.4   1.4   2.3
    2.9   0.5   2.4   0.0   0.0   0.2   2.8   2.1
    1.0   0.9   1.5   0.0   0.0   0.2   0.8   2.0
    2.6   1.6   2.4   1.8   1.4   2.7   1.5   2.8
    0.5   0.3   2.3   1.1   2.9   0.3   2.3   1.8
    2.1   1.7   2.6   0.7   2.3   0.8   1.2   1.8
iter  19/100  p_loss=41701.7456  v_loss=0.4655  lr=2.74e-04  mcts=0/30  buffer=40,000  dt=37.6s  total=11m54s  vs_random W=63% (p0=68% p1=58%) D=6% L=31%  H=0.12 [-0.00,2.39]
  action heatmap (% of moves):
    1.7   2.3   2.8   1.8   0.9   1.3   1.8   2.4
    0.5   2.4   0.6   2.0   0.2   0.1   2.2   1.4
    2.1   2.6   1.6   2.0   2.1   2.5   1.5   2.5
    3.0   0.6   2.4   0.0   0.0   0.3   2.8   2.2
    0.9   1.0   1.7   0.0   0.0   0.1   0.8   1.7
    2.8   1.7   2.7   1.8   1.1   3.0   1.6   2.5
    0.5   0.2   2.0   0.9   2.9   0.3   2.0   1.6
    2.0   2.0   2.6   0.8   2.2   0.9   1.6   1.8
iter  20/100  p_loss=-116964.8248  v_loss=0.4696  lr=2.71e-04  mcts=0/30  buffer=40,000  dt=37.3s  total=12m31s  vs_random W=56% (p0=58% p1=54%) D=3% L=41%  H=0.26 [-0.00,2.55]
  action heatmap (% of moves):
    1.6   2.2   2.6   2.0   0.9   1.6   1.5   2.6
    0.5   2.5   0.6   2.1   0.4   0.4   2.0   1.4
    2.1   2.6   1.2   1.9   2.1   2.4   1.7   2.1
    3.0   0.7   2.5   0.0   0.0   0.2   2.9   2.3
    1.0   1.1   1.6   0.0   0.0   0.2   1.0   1.5
    2.9   1.7   2.5   1.8   1.0   3.0   1.3   2.6
    0.5   0.2   2.1   1.1   3.1   0.3   2.6   1.3
    2.2   1.5   2.4   0.7   2.3   1.1   1.3   1.6
  ↳ saved iter_0020.pt
iter  21/100  p_loss=-266445.4693  v_loss=0.4836  lr=2.69e-04  mcts=0/30  buffer=40,000  dt=36.4s  total=13m08s  vs_random W=68% (p0=62% p1=74%) D=0% L=32%  H=0.38 [-0.00,2.64]
  action heatmap (% of moves):
    1.8   2.1   2.7   1.7   1.4   1.3   2.0   2.3
    0.4   2.1   0.7   1.8   0.5   0.6   2.0   1.5
    1.8   2.6   1.1   2.2   2.2   2.3   1.8   2.2
    3.0   0.7   2.4   0.0   0.0   0.5   2.7   2.0
    0.7   0.8   1.2   0.0   0.0   0.3   1.1   1.6
    2.8   1.9   2.8   1.5   1.1   2.9   1.7   2.4
    0.6   0.5   1.6   1.4   2.9   0.6   2.1   1.5
    2.1   2.0   2.2   1.1   2.3   1.1   1.1   1.8
iter  22/100  p_loss=-346654.4391  v_loss=0.4955  lr=2.66e-04  mcts=0/30  buffer=40,000  dt=36.5s  total=13m44s  vs_random W=62% (p0=52% p1=72%) D=2% L=36%  H=0.14 [-0.00,2.48]
  action heatmap (% of moves):
    1.5   2.4   2.7   1.8   1.0   1.1   1.8   2.2
    0.4   2.4   0.7   1.9   0.1   0.4   2.1   1.7
    2.2   2.7   1.2   2.0   2.3   2.3   1.9   2.1
    3.2   0.6   2.6   0.0   0.0   0.2   2.6   2.1
    0.7   1.0   1.4   0.0   0.0   0.2   0.6   1.9
    2.6   1.9   2.8   1.9   1.2   2.9   1.8   2.4
    0.4   0.3   1.7   1.2   2.9   0.3   2.2   1.9
    2.4   1.8   2.5   0.8   2.4   0.8   1.3   1.9
iter  23/100  p_loss=-152267.9610  v_loss=0.5036  lr=2.63e-04  mcts=0/30  buffer=40,000  dt=37.7s  total=14m22s  vs_random W=46% (p0=40% p1=52%) D=5% L=49%  H=0.27 [-0.00,2.75]
  action heatmap (% of moves):
    1.3   2.3   2.5   1.5   1.2   1.4   1.9   2.3
    0.7   2.6   0.7   2.1   0.4   0.3   2.1   1.3
    1.8   2.7   1.2   2.1   2.0   2.4   1.8   2.2
    3.0   0.5   2.4   0.0   0.0   0.2   2.7   2.1
    0.8   1.0   1.5   0.0   0.0   0.4   1.1   1.7
    2.8   1.8   2.8   1.5   1.2   2.9   1.6   2.6
    0.5   0.4   2.0   0.9   2.9   0.2   2.2   1.9
    1.9   1.8   2.4   0.8   2.4   1.3   0.9   1.7
iter  24/100  p_loss=-379921.8492  v_loss=0.5098  lr=2.59e-04  mcts=0/30  buffer=40,000  dt=39.8s  total=15m02s  vs_random W=57% (p0=54% p1=60%) D=2% L=41%  H=0.70 [-0.00,2.60]
  action heatmap (% of moves):
    1.5   1.9   2.0   1.6   1.6   1.7   1.3   2.5
    1.0   2.3   1.0   1.8   0.9   1.0   1.9   1.2
    1.5   2.6   1.0   2.2   2.2   2.4   1.6   2.0
    2.9   0.6   2.3   0.0   0.0   0.6   2.7   2.0
    1.0   1.1   1.7   0.0   0.0   0.7   1.3   1.5
    2.4   1.4   2.5   1.2   1.0   2.8   1.3   2.4
    0.9   1.0   1.6   1.0   2.7   1.0   2.0   1.3
    2.3   1.6   2.3   1.1   2.5   1.4   1.5   1.8
iter  25/100  p_loss=-255534.4026  v_loss=0.5219  lr=2.56e-04  mcts=0/30  buffer=40,000  dt=37.5s  total=15m39s  vs_random W=52% (p0=46% p1=58%) D=0% L=48%  H=0.74 [-0.00,2.57]
  action heatmap (% of moves):
    1.4   2.0   2.1   1.5   1.7   1.3   1.5   2.5
    1.2   2.3   1.0   2.2   1.0   1.0   2.1   1.4
    1.7   2.7   1.0   2.0   2.0   2.2   1.4   2.0
    2.6   1.0   2.5   0.0   0.0   0.8   2.7   1.9
    1.3   0.9   1.7   0.0   0.0   0.9   1.2   1.6
    2.5   1.6   2.4   1.3   1.2   2.8   1.3   2.1
    1.0   0.7   1.8   0.8   2.7   0.9   2.1   1.5
    1.9   1.7   2.0   1.1   2.5   1.2   1.4   1.6
iter  26/100  p_loss=-261226.7013  v_loss=0.5178  lr=2.53e-04  mcts=0/30  buffer=40,000  dt=38.1s  total=16m17s  vs_random W=49% (p0=42% p1=56%) D=8% L=43%  H=0.63 [-0.00,2.66]
  action heatmap (% of moves):
    1.4   1.8   2.1   1.8   1.7   1.6   1.3   2.1
    0.9   2.7   1.1   1.9   1.1   0.6   2.3   1.3
    1.7   2.8   0.8   1.9   2.1   2.0   1.6   2.2
    2.7   0.9   2.6   0.0   0.0   0.7   2.6   2.1
    1.0   0.9   1.5   0.0   0.0   0.7   1.1   1.6
    2.6   1.6   2.6   1.2   1.3   2.6   1.5   2.2
    0.8   1.0   1.9   0.9   2.9   0.6   2.1   1.3
    1.8   1.7   2.2   0.8   2.3   1.3   1.4   2.1
iter  27/100  p_loss=-646236.4156  v_loss=0.5215  lr=2.49e-04  mcts=0/30  buffer=40,000  dt=37.7s  total=16m55s  vs_random W=55% (p0=58% p1=52%) D=5% L=40%  H=0.78 [-0.00,2.55]
  action heatmap (% of moves):
    1.6   2.1   1.8   1.8   1.6   1.6   1.4   2.5
    1.2   2.3   0.9   1.8   1.3   0.7   1.9   1.3
    1.2   2.8   0.9   2.0   2.2   2.2   1.5   2.1
    2.9   0.9   2.5   0.0   0.0   0.7   2.6   2.0
    1.0   1.0   1.6   0.0   0.0   0.9   1.3   1.3
    2.5   1.6   2.3   1.4   1.6   2.4   1.5   1.8
    0.9   1.1   1.6   1.3   2.8   0.9   2.2   1.6
    2.0   1.4   2.1   1.1   2.3   1.1   1.6   1.7
iter  28/100  p_loss=-672251.2275  v_loss=0.5321  lr=2.46e-04  mcts=0/30  buffer=40,000  dt=37.9s  total=17m33s  vs_random W=52% (p0=48% p1=56%) D=11% L=37%  H=0.57 [-0.00,2.56]
  action heatmap (% of moves):
    1.4   2.2   2.5   1.7   1.5   1.4   1.2   2.3
    0.8   2.3   1.0   1.9   0.8   0.8   2.2   1.6
    1.7   2.4   1.2   2.3   2.2   2.0   1.6   2.2
    2.8   0.8   2.3   0.0   0.0   0.6   2.8   1.7
    0.9   1.1   1.6   0.0   0.0   0.6   1.1   1.6
    2.5   1.6   2.7   1.7   1.1   2.8   1.3   2.5
    0.8   0.6   1.9   0.7   2.8   0.4   2.4   1.4
    1.9   1.6   2.0   1.4   2.3   1.1   1.6   1.8
iter  29/100  p_loss=-1037244.4305  v_loss=0.5455  lr=2.42e-04  mcts=0/30  buffer=40,000  dt=38.0s  total=18m11s  vs_random W=60% (p0=60% p1=60%) D=0% L=40%  H=0.77 [-0.00,2.50]
  action heatmap (% of moves):
    1.6   1.8   2.2   1.7   1.7   1.4   1.3   2.3
    0.8   2.4   0.9   2.0   0.9   0.8   2.0   1.5
    1.6   3.0   1.1   2.2   2.0   2.1   1.5   1.9
    2.9   0.9   2.4   0.0   0.0   0.9   2.4   1.9
    0.7   1.1   1.5   0.0   0.0   0.8   1.3   1.4
    2.5   1.4   2.5   1.7   1.3   2.6   1.3   2.2
    1.1   1.1   1.9   0.9   2.7   1.0   2.2   1.5
    2.2   1.4   1.7   1.5   1.8   1.2   1.4   1.6
iter  30/100  p_loss=-880897.7555  v_loss=0.5390  lr=2.38e-04  mcts=0/30  buffer=40,000  dt=38.2s  total=18m49s  vs_random W=47% (p0=50% p1=44%) D=5% L=48%  H=0.57 [-0.00,2.67]
  action heatmap (% of moves):
    1.3   2.1   2.3   1.7   1.2   1.4   1.6   2.2
    1.0   2.6   0.9   1.9   1.1   0.6   1.8   1.5
    1.6   2.7   1.1   2.1   2.1   2.4   1.6   2.3
    2.9   0.7   2.5   0.0   0.0   0.6   2.7   1.7
    0.9   1.0   1.4   0.0   0.0   0.5   1.2   1.8
    2.5   1.6   2.5   1.6   1.1   2.8   1.4   2.5
    1.0   0.8   1.9   0.9   2.9   0.5   2.1   1.4
    2.1   1.5   2.2   1.5   1.8   1.4   1.6   1.9
  ↳ saved iter_0030.pt
iter  31/100  p_loss=-1175801.0206  v_loss=0.5354  lr=2.35e-04  mcts=0/30  buffer=40,000  dt=38.2s  total=19m27s  vs_random W=61% (p0=64% p1=58%) D=5% L=34%  H=0.79 [-0.00,2.57]
  action heatmap (% of moves):
    1.5   1.9   2.3   1.7   1.3   1.7   1.7   2.2
    1.4   2.2   1.0   1.6   1.1   0.7   1.9   1.3
    1.4   2.6   1.2   2.3   2.3   2.1   1.3   2.2
    2.7   0.9   2.4   0.0   0.0   0.8   2.6   1.9
    1.1   1.2   1.5   0.0   0.0   0.7   1.5   1.4
    2.3   1.8   2.6   1.3   1.0   2.7   1.2   2.2
    1.2   0.9   1.6   1.2   2.7   0.6   2.2   1.5
    1.9   1.4   2.0   1.3   2.0   1.0   1.8   1.7
iter  32/100  p_loss=-1031784.5927  v_loss=0.5422  lr=2.31e-04  mcts=0/30  buffer=40,000  dt=37.1s  total=20m04s  vs_random W=56% (p0=54% p1=58%) D=2% L=42%  H=1.16 [-0.00,2.57]
  action heatmap (% of moves):
    1.5   1.8   2.1   1.4   1.6   1.7   1.0   2.4
    1.4   2.3   1.3   1.9   1.5   1.4   1.8   1.2
    1.3   2.2   1.4   1.8   1.9   1.9   1.2   2.2
    2.6   1.2   2.0   0.0   0.0   1.2   2.1   2.0
    1.5   1.3   2.0   0.0   0.0   1.3   1.2   1.4
    2.1   1.6   1.8   1.2   1.4   2.1   1.3   2.3
    1.1   1.6   1.6   1.3   2.5   0.9   2.4   1.3
    1.9   1.2   2.1   1.2   2.3   1.4   1.5   1.6
iter  33/100  p_loss=-800312.8042  v_loss=0.5384  lr=2.27e-04  mcts=0/30  buffer=40,000  dt=37.8s  total=20m42s  vs_random W=54% (p0=54% p1=54%) D=4% L=42%  H=0.86 [-0.00,2.66]
  action heatmap (% of moves):
    1.6   1.9   2.0   1.7   1.8   1.6   1.4   2.0
    0.9   2.2   1.1   1.8   0.7   0.9   2.1   1.4
    1.6   2.6   1.1   2.1   2.0   2.0   1.2   2.2
    2.7   1.2   2.4   0.0   0.0   1.0   2.7   2.0
    1.1   1.0   1.5   0.0   0.0   0.7   1.4   1.2
    2.2   1.2   2.6   1.4   1.1   2.9   1.4   2.1
    1.4   1.1   1.9   1.1   2.6   0.8   2.3   1.5
    2.0   1.7   1.6   1.7   1.9   1.5   1.6   1.7
iter  34/100  p_loss=-1162843.2974  v_loss=0.5493  lr=2.23e-04  mcts=0/30  buffer=40,000  dt=39.4s  total=21m22s  vs_random W=48% (p0=42% p1=54%) D=6% L=46%  H=0.74 [-0.00,2.64]
  action heatmap (% of moves):
    1.4   2.0   2.2   1.6   1.5   1.5   1.2   2.4
    1.4   2.3   0.9   1.6   0.9   1.3   1.9   1.0
    1.4   2.9   0.8   2.1   2.1   1.9   1.4   2.2
    2.7   0.8   2.5   0.0   0.0   0.8   2.9   1.8
    1.4   1.3   1.2   0.0   0.0   0.5   1.1   1.6
    2.7   1.5   2.5   1.1   1.2   2.8   1.3   2.0
    1.1   1.1   1.8   1.6   2.6   0.9   2.4   1.4
    1.8   1.5   1.9   1.1   2.3   1.3   1.7   2.0
iter  35/100  p_loss=-2053047.9429  v_loss=0.5539  lr=2.18e-04  mcts=0/30  buffer=40,000  dt=37.8s  total=21m59s  vs_random W=58% (p0=60% p1=56%) D=5% L=37%  H=0.79 [-0.00,2.66]
  action heatmap (% of moves):
    1.6   1.9   2.3   1.5   1.8   1.4   1.3   2.3
    1.3   2.2   1.1   1.7   1.1   0.8   1.9   1.3
    1.6   2.8   0.9   2.0   2.1   2.1   1.4   1.9
    2.7   1.0   2.6   0.0   0.0   0.7   2.7   2.2
    1.0   1.1   1.4   0.0   0.0   0.7   1.0   1.2
    2.6   1.3   2.6   1.6   1.3   2.7   1.6   2.3
    1.2   0.9   1.7   1.1   2.6   0.7   2.2   1.4
    1.9   1.6   2.0   1.0   2.2   1.2   1.4   2.0
iter  36/100  p_loss=-3374368.5955  v_loss=0.5527  lr=2.14e-04  mcts=0/30  buffer=40,000  dt=38.6s  total=22m38s  vs_random W=63% (p0=60% p1=66%) D=4% L=33%  H=0.48 [-0.00,2.59]
  action heatmap (% of moves):
    1.6   2.1   2.3   1.9   1.2   1.6   1.6   2.6
    0.7   2.3   0.7   1.8   0.7   0.8   1.9   1.1
    1.8   2.8   1.3   2.2   2.1   2.3   1.7   2.4
    2.7   1.0   2.3   0.0   0.0   0.5   2.8   1.9
    1.0   0.9   1.7   0.0   0.0   0.2   1.0   1.6
    2.7   1.6   2.7   1.4   1.0   2.9   1.5   2.3
    1.1   0.5   1.9   0.8   2.8   0.6   2.5   1.4
    1.7   1.3   2.4   0.9   2.7   1.1   1.4   1.8
iter  37/100  p_loss=-1883121.4594  v_loss=0.5422  lr=2.10e-04  mcts=0/30  buffer=40,000  dt=38.2s  total=23m16s  vs_random W=59% (p0=50% p1=68%) D=5% L=36%  H=0.60 [-0.00,2.61]
  action heatmap (% of moves):
    1.5   2.2   2.1   1.9   1.5   1.5   1.7   2.1
    0.8   2.0   1.1   1.8   0.9   0.9   1.8   1.4
    2.0   2.6   1.0   2.1   2.1   2.1   1.5   2.2
    2.8   0.9   2.7   0.0   0.0   0.6   2.6   2.1
    1.2   1.1   1.6   0.0   0.0   0.4   1.3   1.7
    2.6   1.1   2.6   1.5   0.9   2.9   1.2   2.2
    0.9   0.9   1.9   1.2   2.9   0.8   2.2   1.4
    2.2   1.3   2.1   1.1   2.2   1.2   1.2   1.9
iter  38/100  p_loss=-3362961.5085  v_loss=0.5429  lr=2.06e-04  mcts=0/30  buffer=40,000  dt=38.2s  total=23m54s  vs_random W=48% (p0=44% p1=52%) D=2% L=50%  H=0.64 [-0.00,2.59]
  action heatmap (% of moves):
    1.3   1.9   2.6   1.6   1.7   1.6   1.7   2.3
    1.2   2.5   0.8   1.9   1.0   0.7   1.8   1.4
    1.5   2.5   0.9   1.8   2.0   2.2   1.6   2.2
    2.5   1.2   2.5   0.0   0.0   0.8   2.8   2.1
    1.0   1.1   1.4   0.0   0.0   0.6   1.3   1.6
    2.5   1.5   2.4   1.5   1.2   2.8   1.4   2.1
    1.1   0.9   1.8   1.0   2.7   0.7   2.2   1.8
    1.9   1.4   2.0   1.1   2.2   1.2   1.5   1.6
iter  39/100  p_loss=-3506241.4928  v_loss=0.5311  lr=2.01e-04  mcts=0/30  buffer=40,000  dt=38.3s  total=24m33s  vs_random W=47% (p0=42% p1=52%) D=4% L=49%  H=0.54 [-0.00,2.58]
  action heatmap (% of moves):
    1.4   2.1   2.5   1.6   1.5   1.4   1.7   2.5
    0.9   2.4   1.0   1.8   0.8   0.6   1.9   1.3
    1.6   2.8   0.9   2.4   2.1   2.2   1.8   2.3
    2.7   0.8   2.6   0.0   0.0   0.8   2.8   1.8
    0.9   1.0   1.3   0.0   0.0   0.5   0.8   1.5
    2.6   1.7   2.5   1.7   1.2   2.7   1.6   2.3
    1.1   0.9   1.8   1.2   2.6   0.5   2.1   1.5
    1.9   1.3   2.1   1.3   2.3   1.1   1.6   1.9
iter  40/100  p_loss=-3652787.8145  v_loss=0.5317  lr=1.97e-04  mcts=0/30  buffer=40,000  dt=39.6s  total=25m12s  vs_random W=51% (p0=44% p1=58%) D=4% L=45%  H=0.48 [-0.00,2.61]
  action heatmap (% of moves):
    1.6   1.8   2.7   1.7   1.7   1.1   1.9   2.1
    0.9   2.4   0.9   1.8   1.0   0.7   1.9   1.3
    1.7   2.5   0.9   2.4   2.0   2.1   1.6   2.4
    2.7   1.0   2.3   0.0   0.0   0.5   2.9   1.9
    1.0   1.0   1.4   0.0   0.0   0.3   0.9   1.8
    2.5   1.5   2.3   1.8   1.1   2.8   1.5   2.3
    1.1   0.7   1.8   1.0   2.7   0.7   2.1   1.4
    2.0   1.6   2.3   0.7   2.6   1.1   1.5   1.7
  ↳ saved iter_0040.pt
iter  41/100  p_loss=-2108012.9700  v_loss=0.5232  lr=1.92e-04  mcts=0/30  buffer=40,000  dt=37.9s  total=25m50s  vs_random W=51% (p0=50% p1=52%) D=3% L=46%  H=0.46 [-0.00,2.50]
  action heatmap (% of moves):
    1.4   2.0   2.7   1.4   1.2   1.6   1.5   2.2
    0.7   2.6   1.1   1.7   0.7   0.8   2.2   1.4
    1.8   2.6   1.1   2.1   2.1   2.2   1.5   2.3
    2.8   0.8   2.3   0.0   0.0   0.9   2.8   2.2
    0.9   1.2   1.7   0.0   0.0   0.4   0.7   1.3
    2.5   1.6   2.6   1.8   1.1   2.8   1.4   2.7
    0.9   0.4   2.1   0.9   2.8   0.5   2.1   1.6
    2.1   1.5   2.4   1.0   2.3   1.1   1.3   1.8
iter  42/100  p_loss=-2154143.5090  v_loss=0.5001  lr=1.88e-04  mcts=0/30  buffer=40,000  dt=38.7s  total=26m29s  vs_random W=51% (p0=54% p1=48%) D=6% L=43%  H=0.43 [-0.00,2.60]
  action heatmap (% of moves):
    1.8   1.9   2.3   1.7   1.1   1.5   1.7   2.2
    0.8   2.3   1.0   1.8   0.9   0.6   2.2   1.5
    1.6   2.7   1.0   1.9   2.2   2.3   1.6   2.2
    2.7   0.9   2.8   0.0   0.0   0.9   2.7   2.2
    1.1   1.0   1.3   0.0   0.0   0.3   0.6   1.6
    2.6   1.5   2.5   1.8   1.1   3.0   1.4   2.7
    0.7   0.8   1.8   1.0   2.8   0.4   2.2   1.7
    2.1   1.6   2.3   1.0   2.3   1.1   1.2   1.9
iter  43/100  p_loss=-514032.8017  v_loss=0.4961  lr=1.83e-04  mcts=0/30  buffer=40,000  dt=37.1s  total=27m06s  vs_random W=71% (p0=64% p1=78%) D=5% L=24%  H=0.42 [-0.00,2.55]
  action heatmap (% of moves):
    1.8   1.8   2.4   1.8   1.0   1.5   1.4   2.5
    0.7   2.1   1.5   2.0   0.8   0.6   2.2   1.3
    1.6   2.7   1.2   1.9   2.0   2.1   1.4   2.7
    3.0   0.6   2.4   0.0   0.0   0.7   2.6   2.0
    0.7   0.8   1.7   0.0   0.0   0.6   0.7   1.7
    2.6   1.6   2.7   1.6   1.3   2.8   1.9   2.4
    0.6   0.7   1.7   1.1   2.8   0.3   2.1   1.6
    2.0   1.7   2.5   0.8   2.5   1.0   1.5   1.7
iter  44/100  p_loss=-2451709.8627  v_loss=0.4870  lr=1.79e-04  mcts=0/30  buffer=40,000  dt=37.5s  total=27m43s  vs_random W=56% (p0=50% p1=62%) D=5% L=39%  H=0.26 [-0.00,2.57]
  action heatmap (% of moves):
    1.7   2.0   2.9   1.3   1.1   1.4   1.6   2.5
    0.9   2.4   0.9   1.6   0.8   0.4   2.2   1.3
    1.8   2.7   1.3   2.1   2.3   2.3   1.5   2.2
    3.0   0.7   2.5   0.0   0.0   0.6   2.8   2.2
    0.7   1.0   1.5   0.0   0.0   0.5   0.7   1.3
    3.0   1.6   2.6   1.7   1.3   2.7   2.0   2.7
    0.5   0.5   1.8   0.8   2.7   0.4   2.3   1.7
    2.0   2.0   2.3   0.6   2.9   0.7   1.1   1.7
iter  45/100  p_loss=135381.8295  v_loss=0.4788  lr=1.74e-04  mcts=0/30  buffer=40,000  dt=36.7s  total=28m20s  vs_random W=50% (p0=38% p1=62%) D=2% L=48%  H=0.39 [-0.00,2.62]
  action heatmap (% of moves):
    1.3   2.4   2.4   1.6   1.4   1.4   1.4   2.2
    0.9   2.5   1.0   1.9   0.6   0.4   2.3   1.6
    1.7   2.6   0.8   2.1   2.4   1.9   1.7   2.3
    2.9   1.0   2.4   0.0   0.0   0.4   2.6   2.3
    0.9   1.2   1.7   0.0   0.0   0.6   0.8   1.9
    2.7   1.5   2.4   1.5   1.1   2.8   1.2   2.6
    0.7   0.8   2.0   1.0   3.0   0.5   2.5   1.5
    1.8   1.8   2.1   0.8   2.4   1.0   1.3   1.7
iter  46/100  p_loss=169998.7155  v_loss=0.4803  lr=1.69e-04  mcts=0/30  buffer=40,000  dt=37.7s  total=28m58s  vs_random W=53% (p0=52% p1=54%) D=5% L=42%  H=0.43 [-0.00,2.54]
  action heatmap (% of moves):
    1.5   2.1   2.4   1.7   1.5   1.3   1.4   2.4
    0.9   2.8   1.0   1.9   0.4   0.5   2.0   1.4
    1.5   2.7   0.9   2.1   2.2   2.3   1.8   2.1
    2.8   1.0   2.5   0.0   0.0   0.6   2.5   2.2
    0.7   1.1   1.3   0.0   0.0   0.6   1.0   1.7
    2.7   1.8   2.5   1.8   1.0   2.7   1.5   2.4
    0.6   0.6   1.8   1.1   2.7   0.6   2.2   1.8
    2.1   1.7   2.5   0.9   2.1   1.1   1.3   1.7
iter  47/100  p_loss=-2263435.7435  v_loss=0.4759  lr=1.65e-04  mcts=0/30  buffer=40,000  dt=38.1s  total=29m36s  vs_random W=50% (p0=48% p1=52%) D=3% L=47%  H=0.47 [-0.00,2.66]
  action heatmap (% of moves):
    1.6   2.1   2.4   1.9   1.5   1.4   1.6   2.1
    1.0   2.3   1.2   1.9   0.7   0.7   2.3   1.4
    1.6   2.8   0.9   2.0   2.3   2.1   1.6   2.0
    2.9   0.6   2.6   0.0   0.0   0.4   3.0   2.4
    0.8   1.0   1.3   0.0   0.0   0.5   1.2   1.5
    2.8   1.5   2.6   1.8   1.1   2.7   1.6   2.3
    0.6   0.7   1.7   1.2   2.7   0.4   2.1   1.5
    2.2   1.8   2.2   0.8   2.5   0.7   1.4   1.9
iter  48/100  p_loss=553591.3413  v_loss=0.4803  lr=1.60e-04  mcts=0/30  buffer=40,000  dt=38.5s  total=30m14s  vs_random W=60% (p0=66% p1=54%) D=3% L=37%  H=0.53 [-0.00,2.53]
  action heatmap (% of moves):
    1.6   2.3   2.1   2.0   1.4   1.2   1.8   2.2
    0.9   2.2   1.2   1.9   0.8   0.5   2.2   1.3
    1.7   2.5   0.8   2.1   2.2   2.1   1.7   2.2
    2.9   1.0   2.4   0.0   0.0   0.5   2.7   2.2
    0.8   1.0   1.5   0.0   0.0   0.7   1.0   1.6
    2.7   1.4   2.6   1.5   1.1   2.7   1.3   2.4
    0.8   0.9   1.9   1.3   2.9   0.5   2.3   1.6
    2.0   1.6   2.2   0.9   2.3   0.9   1.4   1.8
iter  49/100  p_loss=-958067.0567  v_loss=0.4771  lr=1.55e-04  mcts=0/30  buffer=40,000  dt=38.1s  total=30m52s  vs_random W=50% (p0=52% p1=48%) D=4% L=46%  H=0.54 [-0.00,2.50]
  action heatmap (% of moves):
    1.5   1.8   2.4   1.7   1.5   1.5   1.5   2.2
    0.8   2.7   1.2   1.8   0.6   0.5   2.2   1.4
    1.6   2.7   0.9   2.0   2.0   2.1   1.9   2.2
    2.9   0.8   2.7   0.0   0.0   0.8   2.5   2.6
    0.6   1.3   1.4   0.0   0.0   0.6   1.0   1.3
    2.7   1.4   2.5   1.7   1.2   2.7   1.4   2.7
    0.8   0.6   1.9   1.2   2.7   0.4   2.0   1.3
    2.0   1.7   2.1   1.0   2.2   0.9   1.4   2.1
iter  50/100  p_loss=-572869.7850  v_loss=0.4776  lr=1.50e-04  mcts=0/30  buffer=40,000  dt=39.0s  total=31m31s  vs_random W=49% (p0=46% p1=52%) D=4% L=47%  H=0.38 [-0.00,2.63]
  action heatmap (% of moves):
    1.5   1.9   2.8   1.3   1.4   1.3   1.8   2.3
    0.8   2.4   0.9   1.8   0.6   0.3   2.3   1.0
    2.1   2.5   0.9   2.3   2.1   2.3   1.4   2.3
    3.0   0.9   2.4   0.0   0.0   0.5   2.7   1.7
    0.8   1.2   1.7   0.0   0.0   0.3   0.9   1.9
    2.7   1.5   2.5   1.7   1.2   2.8   1.9   2.3
    1.0   0.6   1.8   1.0   3.2   0.5   2.4   1.6
    1.9   1.7   2.2   0.8   2.2   0.9   1.5   1.6
  ↳ saved iter_0050.pt
iter  51/100  p_loss=-2063745.5805  v_loss=0.4822  lr=1.46e-04  mcts=0/30  buffer=40,000  dt=38.6s  total=32m10s  vs_random W=59% (p0=62% p1=56%) D=3% L=38%  H=0.40 [-0.00,2.61]
